#
# A fatal error has been detected by the Java Runtime Environment:
#
#  SIGFPE (0x8) at pc=0x000000019c5f4d94, pid=20510, tid=259
#
# JRE version: OpenJDK Runtime Environment Corretto-11.0.19.7.1 (11.0.19+7) (build 11.0.19+7-LTS)
# Java VM: OpenJDK 64-Bit Server VM Corretto-11.0.19.7.1 (11.0.19+7-LTS, mixed mode, tiered, compressed oops, g1 gc, bsd-aarch64)
# Problematic frame:
# C  [libsystem_kernel.dylib+0xd94]  mach_msg_trap+0x8
#
# No core dump will be written. Core dumps have been disabled. To enable core dumping, try "ulimit -c unlimited" before starting Java again
#
# If you would like to submit a bug report, please visit:
#   https://github.com/corretto/corretto-11/issues/
#

---------------  S U M M A R Y ------------

Command Line: -javaagent:/Users/gimjaeseong/Library/Caches/JetBrains/IdeaIC2023.1/testAgent/intellij-coverage-agent-1.0.706.jar=/private/var/folders/9_/48bjhvjx7jn8__p4m5mng7w00000gn/T/coverage11args -Didea.new.sampling.coverage=true -Dcoverage.ignore.private.constructor.util.class=true -javaagent:/Applications/IntelliJ IDEA CE.app/Contents/lib/idea_rt.jar=53915:/Applications/IntelliJ IDEA CE.app/Contents/bin -Dfile.encoding=UTF-8 com.example.one.AppApplication

Host: MacBookPro17,1 arm64 1 MHz, 8 cores, 16G, Darwin 20.6.0
Time: Sat Jun  3 11:25:25 2023 KST elapsed time: 74220.028293 seconds (0d 20h 37m 0s)

---------------  T H R E A D  ---------------

Current thread is native thread

Stack: [0x000000016d514000,0x000000016dd10000],  sp=0x000000016dd0bb20,  free space=8158k
Native frames: (J=compiled Java code, A=aot compiled Java code, j=interpreted, Vv=VM code, C=native code)
C  [libsystem_kernel.dylib+0xd94]  mach_msg_trap+0x8
C  [CoreFoundation+0x84010]  __CFRunLoopServiceMachPort+0x174
C  [CoreFoundation+0x824dc]  __CFRunLoopRun+0x4bc
C  [CoreFoundation+0x818a8]  CFRunLoopRunSpecific+0x258
C  [libjli.dylib+0x99fc]  CreateExecutionEnvironment+0x190
C  [libjli.dylib+0x5ff4]  JLI_Launch+0x49c
C  [java+0x396c]  main+0x18c
C  [libdyld.dylib+0x18430]  start+0x4


siginfo: si_signo: 8 (SIGFPE), si_code: 0 (unknown), si_addr: 0x000000019c5f4d94

Register to memory mapping:

 x0=
[error occurred during error reporting (printing register info), id 0xb, SIGSEGV (0xb) at pc=0x0000000106ee0b20]

Registers:
 x0=0x0000000010004005  x1=0x0000000007000806  x2=0x0000000000000000  x3=0x0000000000000c00
 x4=0x0000000000001003  x5=0x00000000ffffffff  x6=0x0000000000000000  x7=0x000000014e908520
 x8=0x00000000fffffbbe  x9=0x0000000005f83401 x10=0x0000000017e0d006 x11=0x000000b2f423e9b2
x12=0x00000000016e3600 x13=0x0000000000000f01 x14=0x0000000000000000 x15=0x0000000000000000
x16=0xffffffffffffffe1 x17=0x00000002077645f0 x18=0x0000000000000000 x19=0x0000000000000000
x20=0x00000000ffffffff x21=0x0000000000001003 x22=0x0000000000000c00 x23=0x000000016dd0bce0
x24=0x0000000007000806 x25=0x0000000010004005 x26=0x0000000007000806 x27=0x0000000010000007
x28=0x000000016dd0bc68  fp=0x000000016dd0bb70  lr=0x000000019c5f51bc  sp=0x000000016dd0bb20
pc=0x000000019c5f4d94 cpsr=0x0000000060000000
Top of Stack: (sp=0x000000016dd0bb20)
0x000000016dd0bb20:   000000016dd0bc68 0000000000001003
0x000000016dd0bb30:   0000000000001003 00000000ffffffff
0x000000016dd0bb40:   000000002b310084 000000016dd0bc60
0x000000016dd0bb50:   000000014e9078a0 000000014e908520
0x000000016dd0bb60:   0000000000000c00 000000016dd0bce0
0x000000016dd0bb70:   000000016dd0bbf0 676400019c72e010
0x000000016dd0bb80:   000000016dd0bc54 0700080600000000
0x000000016dd0bb90:   000000016dd0bc58 00000000ffffffff
0x000000016dd0bba0:   0000000000000000 00000000ffffffff
0x000000016dd0bbb0:   000000016dd0bce0 0000000000000d03
0x000000016dd0bbc0:   0000000000001003 0000000000000f03
0x000000016dd0bbd0:   0000000000000000 000000014e9078a0
0x000000016dd0bbe0:   0000000000000000 000000014e908520
0x000000016dd0bbf0:   000000016dd0c950 c73180019c72c4dc
0x000000016dd0bc00:   00000001b8a65000 0000000231b5e1a4
0x000000016dd0bc10:   00000002076888c0 000000014e9085d8
0x000000016dd0bc20:   0000000000000000 0000000000000d03
0x000000016dd0bc30:   0000000000000f03 000000014e9078b0
0x000000016dd0bc40:   000000014e908530 ffffffffffffffff
0x000000016dd0bc50:   0000000000000d03 000000016dd0bce0
0x000000016dd0bc60:   0000000000000000 ffffffffffffffff
0x000000016dd0bc70:   0000000000000000 00000001a628c000
0x000000016dd0bc80:   0000000207030980 0000000000000000
0x000000016dd0bc90:   00000001a23bf000 0000000231b2f65c
0x000000016dd0bca0:   0000000000000000 00000001a6836000
0x000000016dd0bcb0:   0000000231b38438 0000000000000000
0x000000016dd0bcc0:   00000001a2f0d000 0000000231b30e44
0x000000016dd0bcd0:   0000000000000000 000000019cb59000
0x000000016dd0bce0:   00000c0000000000 0000100300000000
0x000000016dd0bcf0:   00000000a2622000 0000000231b2fe2c
0x000000016dd0bd00:   0000000000000000 00000001a25d6000
0x000000016dd0bd10:   0000000000000000 0000000000000000 

Instructions: (pc=0x000000019c5f4d94)
0x000000019c5f4c94:   f8 5f 43 a9 fa 67 42 a9 fc 6f 41 a9 ff c3 01 91
0x000000019c5f4ca4:   ff 0f 5f d6 30 01 80 92 01 10 00 d4 c0 03 5f d6
0x000000019c5f4cb4:   50 01 80 92 01 10 00 d4 c0 03 5f d6 70 01 80 92
0x000000019c5f4cc4:   01 10 00 d4 c0 03 5f d6 90 01 80 92 01 10 00 d4
0x000000019c5f4cd4:   c0 03 5f d6 b0 01 80 92 01 10 00 d4 c0 03 5f d6
0x000000019c5f4ce4:   d0 01 80 92 01 10 00 d4 c0 03 5f d6 f0 01 80 92
0x000000019c5f4cf4:   01 10 00 d4 c0 03 5f d6 30 02 80 92 01 10 00 d4
0x000000019c5f4d04:   c0 03 5f d6 50 02 80 92 01 10 00 d4 c0 03 5f d6
0x000000019c5f4d14:   70 02 80 92 01 10 00 d4 c0 03 5f d6 90 02 80 92
0x000000019c5f4d24:   01 10 00 d4 c0 03 5f d6 b0 02 80 92 01 10 00 d4
0x000000019c5f4d34:   c0 03 5f d6 d0 02 80 92 01 10 00 d4 c0 03 5f d6
0x000000019c5f4d44:   f0 02 80 92 01 10 00 d4 c0 03 5f d6 10 03 80 92
0x000000019c5f4d54:   01 10 00 d4 c0 03 5f d6 30 03 80 92 01 10 00 d4
0x000000019c5f4d64:   c0 03 5f d6 50 03 80 92 01 10 00 d4 c0 03 5f d6
0x000000019c5f4d74:   70 03 80 92 01 10 00 d4 c0 03 5f d6 90 03 80 92
0x000000019c5f4d84:   01 10 00 d4 c0 03 5f d6 d0 03 80 92 01 10 00 d4
0x000000019c5f4d94:   c0 03 5f d6 f0 03 80 92 01 10 00 d4 c0 03 5f d6
0x000000019c5f4da4:   10 04 80 92 01 10 00 d4 c0 03 5f d6 30 04 80 92
0x000000019c5f4db4:   01 10 00 d4 c0 03 5f d6 50 04 80 92 01 10 00 d4
0x000000019c5f4dc4:   c0 03 5f d6 70 04 80 92 01 10 00 d4 c0 03 5f d6
0x000000019c5f4dd4:   90 04 80 92 01 10 00 d4 c0 03 5f d6 b0 04 80 92
0x000000019c5f4de4:   01 10 00 d4 c0 03 5f d6 d0 04 80 92 01 10 00 d4
0x000000019c5f4df4:   c0 03 5f d6 f0 04 80 92 01 10 00 d4 c0 03 5f d6
0x000000019c5f4e04:   10 05 80 92 01 10 00 d4 c0 03 5f d6 30 05 80 92
0x000000019c5f4e14:   01 10 00 d4 c0 03 5f d6 50 05 80 92 01 10 00 d4
0x000000019c5f4e24:   c0 03 5f d6 70 05 80 92 01 10 00 d4 c0 03 5f d6
0x000000019c5f4e34:   90 05 80 92 01 10 00 d4 c0 03 5f d6 b0 05 80 92
0x000000019c5f4e44:   01 10 00 d4 c0 03 5f d6 f0 05 80 92 01 10 00 d4
0x000000019c5f4e54:   c0 03 5f d6 10 06 80 92 01 10 00 d4 c0 03 5f d6
0x000000019c5f4e64:   30 06 80 92 01 10 00 d4 c0 03 5f d6 50 06 80 92
0x000000019c5f4e74:   01 10 00 d4 c0 03 5f d6 70 06 80 92 01 10 00 d4
0x000000019c5f4e84:   c0 03 5f d6 90 06 80 92 01 10 00 d4 c0 03 5f d6 


Stack slot to memory mapping:
stack at sp + 0 slots: 
[error occurred during error reporting (inspecting top of stack), id 0xb, SIGSEGV (0xb) at pc=0x0000000106ee0b20]


---------------  P R O C E S S  ---------------

VM state:not at safepoint (normal execution)

VM Mutex/Monitor currently owned by a thread: None

Heap address: 0x00000006c0000000, size: 4096 MB, Compressed Oops mode: Zero based, Oop shift amount: 3
Narrow klass base: 0x0000000800000000, Narrow klass shift: 0
Compressed class space size: 1073741824 Address: 0x0000000800000000

Heap:
 garbage-first heap   total 315392K, used 83653K [0x00000006c0000000, 0x00000007c0000000)
  region size 1024K, 52 young (53248K), 20 survivors (20480K)
 Metaspace       used 61958K, capacity 63187K, committed 63424K, reserved 1105920K
  class space    used 7275K, capacity 7759K, committed 7872K, reserved 1048576K
Heap Regions: E=young(eden), S=young(survivor), O=old, HS=humongous(starts), HC=humongous(continues), CS=collection set, F=free, A=archive, TAMS=top-at-mark-start (previous, next)
|   0|0x00000006c0000000, 0x00000006c0100000, 0x00000006c0100000|100%| O|  |TAMS 0x00000006c0100000, 0x00000006c0000000| Untracked 
|   1|0x00000006c0100000, 0x00000006c0200000, 0x00000006c0200000|100%| O|  |TAMS 0x00000006c0200000, 0x00000006c0100000| Untracked 
|   2|0x00000006c0200000, 0x00000006c0300000, 0x00000006c0300000|100%| O|  |TAMS 0x00000006c0300000, 0x00000006c0200000| Untracked 
|   3|0x00000006c0300000, 0x00000006c0400000, 0x00000006c0400000|100%| O|  |TAMS 0x00000006c0400000, 0x00000006c0300000| Untracked 
|   4|0x00000006c0400000, 0x00000006c0500000, 0x00000006c0500000|100%| O|  |TAMS 0x00000006c0500000, 0x00000006c0400000| Untracked 
|   5|0x00000006c0500000, 0x00000006c0600000, 0x00000006c0600000|100%| O|  |TAMS 0x00000006c0600000, 0x00000006c0500000| Untracked 
|   6|0x00000006c0600000, 0x00000006c0700000, 0x00000006c0700000|100%| O|  |TAMS 0x00000006c0700000, 0x00000006c0600000| Untracked 
|   7|0x00000006c0700000, 0x00000006c0800000, 0x00000006c0800000|100%| O|  |TAMS 0x00000006c0800000, 0x00000006c0700000| Untracked 
|   8|0x00000006c0800000, 0x00000006c0900000, 0x00000006c0900000|100%| O|  |TAMS 0x00000006c0900000, 0x00000006c0800000| Untracked 
|   9|0x00000006c0900000, 0x00000006c0a00000, 0x00000006c0a00000|100%| O|  |TAMS 0x00000006c0a00000, 0x00000006c0900000| Untracked 
|  10|0x00000006c0a00000, 0x00000006c0b00000, 0x00000006c0b00000|100%| O|  |TAMS 0x00000006c0b00000, 0x00000006c0a00000| Untracked 
|  11|0x00000006c0b00000, 0x00000006c0c00000, 0x00000006c0c00000|100%| O|  |TAMS 0x00000006c0c00000, 0x00000006c0b00000| Untracked 
|  12|0x00000006c0c00000, 0x00000006c0d00000, 0x00000006c0d00000|100%| O|  |TAMS 0x00000006c0d00000, 0x00000006c0c00000| Untracked 
|  13|0x00000006c0d00000, 0x00000006c0e00000, 0x00000006c0e00000|100%| O|  |TAMS 0x00000006c0e00000, 0x00000006c0d00000| Untracked 
|  14|0x00000006c0e00000, 0x00000006c0f00000, 0x00000006c0f00000|100%| O|  |TAMS 0x00000006c0f00000, 0x00000006c0e00000| Untracked 
|  15|0x00000006c0f00000, 0x00000006c1000000, 0x00000006c1000000|100%| O|  |TAMS 0x00000006c1000000, 0x00000006c0f00000| Untracked 
|  16|0x00000006c1000000, 0x00000006c1100000, 0x00000006c1100000|100%| O|  |TAMS 0x00000006c1100000, 0x00000006c1000000| Untracked 
|  17|0x00000006c1100000, 0x00000006c1200000, 0x00000006c1200000|100%| O|  |TAMS 0x00000006c1200000, 0x00000006c1100000| Untracked 
|  18|0x00000006c1200000, 0x00000006c1300000, 0x00000006c1300000|100%| O|  |TAMS 0x00000006c1300000, 0x00000006c1200000| Untracked 
|  19|0x00000006c1300000, 0x00000006c1400000, 0x00000006c1400000|100%| O|  |TAMS 0x00000006c1400000, 0x00000006c1300000| Untracked 
|  20|0x00000006c1400000, 0x00000006c1500000, 0x00000006c1500000|100%| O|  |TAMS 0x00000006c1500000, 0x00000006c1400000| Untracked 
|  21|0x00000006c1500000, 0x00000006c1600000, 0x00000006c1600000|100%| O|  |TAMS 0x00000006c1600000, 0x00000006c1500000| Untracked 
|  22|0x00000006c1600000, 0x00000006c1700000, 0x00000006c1700000|100%| O|  |TAMS 0x00000006c1700000, 0x00000006c1600000| Untracked 
|  23|0x00000006c1700000, 0x00000006c1800000, 0x00000006c1800000|100%| O|  |TAMS 0x00000006c1800000, 0x00000006c1700000| Untracked 
|  24|0x00000006c1800000, 0x00000006c1900000, 0x00000006c1900000|100%| O|  |TAMS 0x00000006c1900000, 0x00000006c1800000| Untracked 
|  25|0x00000006c1900000, 0x00000006c1a00000, 0x00000006c1a00000|100%| O|  |TAMS 0x00000006c192cc00, 0x00000006c1900000| Untracked 
|  26|0x00000006c1a00000, 0x00000006c1b00000, 0x00000006c1b00000|100%| O|  |TAMS 0x00000006c1a00000, 0x00000006c1a00000| Untracked 
|  27|0x00000006c1b00000, 0x00000006c1c00000, 0x00000006c1c00000|100%| O|  |TAMS 0x00000006c1b00000, 0x00000006c1b00000| Untracked 
|  28|0x00000006c1c00000, 0x00000006c1d00000, 0x00000006c1d00000|100%| O|  |TAMS 0x00000006c1c00000, 0x00000006c1c00000| Untracked 
|  29|0x00000006c1d00000, 0x00000006c1e00000, 0x00000006c1e00000|100%| O|  |TAMS 0x00000006c1d00000, 0x00000006c1d00000| Untracked 
|  30|0x00000006c1e00000, 0x00000006c1eb1400, 0x00000006c1f00000| 69%| O|  |TAMS 0x00000006c1e00000, 0x00000006c1e00000| Untracked 
|  31|0x00000006c1f00000, 0x00000006c1f00000, 0x00000006c2000000|  0%| F|  |TAMS 0x00000006c1f00000, 0x00000006c1f00000| Untracked 
|  32|0x00000006c2000000, 0x00000006c2000000, 0x00000006c2100000|  0%| F|  |TAMS 0x00000006c2000000, 0x00000006c2000000| Untracked 
|  33|0x00000006c2100000, 0x00000006c2100000, 0x00000006c2200000|  0%| F|  |TAMS 0x00000006c2100000, 0x00000006c2100000| Untracked 
|  34|0x00000006c2200000, 0x00000006c2200000, 0x00000006c2300000|  0%| F|  |TAMS 0x00000006c2200000, 0x00000006c2200000| Untracked 
|  35|0x00000006c2300000, 0x00000006c2300000, 0x00000006c2400000|  0%| F|  |TAMS 0x00000006c2300000, 0x00000006c2300000| Untracked 
|  36|0x00000006c2400000, 0x00000006c2400000, 0x00000006c2500000|  0%| F|  |TAMS 0x00000006c2400000, 0x00000006c2400000| Untracked 
|  37|0x00000006c2500000, 0x00000006c2500000, 0x00000006c2600000|  0%| F|  |TAMS 0x00000006c2500000, 0x00000006c2500000| Untracked 
|  38|0x00000006c2600000, 0x00000006c2600000, 0x00000006c2700000|  0%| F|  |TAMS 0x00000006c2600000, 0x00000006c2600000| Untracked 
|  39|0x00000006c2700000, 0x00000006c2700000, 0x00000006c2800000|  0%| F|  |TAMS 0x00000006c2700000, 0x00000006c2700000| Untracked 
|  40|0x00000006c2800000, 0x00000006c2800000, 0x00000006c2900000|  0%| F|  |TAMS 0x00000006c2800000, 0x00000006c2800000| Untracked 
|  41|0x00000006c2900000, 0x00000006c2900000, 0x00000006c2a00000|  0%| F|  |TAMS 0x00000006c2900000, 0x00000006c2900000| Untracked 
|  42|0x00000006c2a00000, 0x00000006c2a00000, 0x00000006c2b00000|  0%| F|  |TAMS 0x00000006c2a00000, 0x00000006c2a00000| Untracked 
|  43|0x00000006c2b00000, 0x00000006c2b00000, 0x00000006c2c00000|  0%| F|  |TAMS 0x00000006c2b00000, 0x00000006c2b00000| Untracked 
|  44|0x00000006c2c00000, 0x00000006c2c00000, 0x00000006c2d00000|  0%| F|  |TAMS 0x00000006c2c00000, 0x00000006c2c00000| Untracked 
|  45|0x00000006c2d00000, 0x00000006c2d00000, 0x00000006c2e00000|  0%| F|  |TAMS 0x00000006c2d00000, 0x00000006c2d00000| Untracked 
|  46|0x00000006c2e00000, 0x00000006c2e00000, 0x00000006c2f00000|  0%| F|  |TAMS 0x00000006c2e00000, 0x00000006c2e00000| Untracked 
|  47|0x00000006c2f00000, 0x00000006c2f00000, 0x00000006c3000000|  0%| F|  |TAMS 0x00000006c2f00000, 0x00000006c2f00000| Untracked 
|  48|0x00000006c3000000, 0x00000006c3000000, 0x00000006c3100000|  0%| F|  |TAMS 0x00000006c3000000, 0x00000006c3000000| Untracked 
|  49|0x00000006c3100000, 0x00000006c3100000, 0x00000006c3200000|  0%| F|  |TAMS 0x00000006c3100000, 0x00000006c3100000| Untracked 
|  50|0x00000006c3200000, 0x00000006c3200000, 0x00000006c3300000|  0%| F|  |TAMS 0x00000006c3200000, 0x00000006c3200000| Untracked 
|  51|0x00000006c3300000, 0x00000006c3300000, 0x00000006c3400000|  0%| F|  |TAMS 0x00000006c3300000, 0x00000006c3300000| Untracked 
|  52|0x00000006c3400000, 0x00000006c3400000, 0x00000006c3500000|  0%| F|  |TAMS 0x00000006c3400000, 0x00000006c3400000| Untracked 
|  53|0x00000006c3500000, 0x00000006c3500000, 0x00000006c3600000|  0%| F|  |TAMS 0x00000006c3500000, 0x00000006c3500000| Untracked 
|  54|0x00000006c3600000, 0x00000006c3600000, 0x00000006c3700000|  0%| F|  |TAMS 0x00000006c3600000, 0x00000006c3600000| Untracked 
|  55|0x00000006c3700000, 0x00000006c3700000, 0x00000006c3800000|  0%| F|  |TAMS 0x00000006c3700000, 0x00000006c3700000| Untracked 
|  56|0x00000006c3800000, 0x00000006c3800000, 0x00000006c3900000|  0%| F|  |TAMS 0x00000006c3800000, 0x00000006c3800000| Untracked 
|  57|0x00000006c3900000, 0x00000006c3900000, 0x00000006c3a00000|  0%| F|  |TAMS 0x00000006c3900000, 0x00000006c3900000| Untracked 
|  58|0x00000006c3a00000, 0x00000006c3a00000, 0x00000006c3b00000|  0%| F|  |TAMS 0x00000006c3a00000, 0x00000006c3a00000| Untracked 
|  59|0x00000006c3b00000, 0x00000006c3b00000, 0x00000006c3c00000|  0%| F|  |TAMS 0x00000006c3b00000, 0x00000006c3b00000| Untracked 
|  60|0x00000006c3c00000, 0x00000006c3c00000, 0x00000006c3d00000|  0%| F|  |TAMS 0x00000006c3c00000, 0x00000006c3c00000| Untracked 
|  61|0x00000006c3d00000, 0x00000006c3d00000, 0x00000006c3e00000|  0%| F|  |TAMS 0x00000006c3d00000, 0x00000006c3d00000| Untracked 
|  62|0x00000006c3e00000, 0x00000006c3e00000, 0x00000006c3f00000|  0%| F|  |TAMS 0x00000006c3e00000, 0x00000006c3e00000| Untracked 
|  63|0x00000006c3f00000, 0x00000006c3f00000, 0x00000006c4000000|  0%| F|  |TAMS 0x00000006c3f00000, 0x00000006c3f00000| Untracked 
|  64|0x00000006c4000000, 0x00000006c4000000, 0x00000006c4100000|  0%| F|  |TAMS 0x00000006c4000000, 0x00000006c4000000| Untracked 
|  65|0x00000006c4100000, 0x00000006c4100000, 0x00000006c4200000|  0%| F|  |TAMS 0x00000006c4100000, 0x00000006c4100000| Untracked 
|  66|0x00000006c4200000, 0x00000006c4200000, 0x00000006c4300000|  0%| F|  |TAMS 0x00000006c4200000, 0x00000006c4200000| Untracked 
|  67|0x00000006c4300000, 0x00000006c4300000, 0x00000006c4400000|  0%| F|  |TAMS 0x00000006c4300000, 0x00000006c4300000| Untracked 
|  68|0x00000006c4400000, 0x00000006c4400000, 0x00000006c4500000|  0%| F|  |TAMS 0x00000006c4400000, 0x00000006c4400000| Untracked 
|  69|0x00000006c4500000, 0x00000006c4500000, 0x00000006c4600000|  0%| F|  |TAMS 0x00000006c4500000, 0x00000006c4500000| Untracked 
|  70|0x00000006c4600000, 0x00000006c4600000, 0x00000006c4700000|  0%| F|  |TAMS 0x00000006c4600000, 0x00000006c4600000| Untracked 
|  71|0x00000006c4700000, 0x00000006c4700000, 0x00000006c4800000|  0%| F|  |TAMS 0x00000006c4700000, 0x00000006c4700000| Untracked 
|  72|0x00000006c4800000, 0x00000006c4800000, 0x00000006c4900000|  0%| F|  |TAMS 0x00000006c4800000, 0x00000006c4800000| Untracked 
|  73|0x00000006c4900000, 0x00000006c4900000, 0x00000006c4a00000|  0%| F|  |TAMS 0x00000006c4900000, 0x00000006c4900000| Untracked 
|  74|0x00000006c4a00000, 0x00000006c4a00000, 0x00000006c4b00000|  0%| F|  |TAMS 0x00000006c4a00000, 0x00000006c4a00000| Untracked 
|  75|0x00000006c4b00000, 0x00000006c4b00000, 0x00000006c4c00000|  0%| F|  |TAMS 0x00000006c4b00000, 0x00000006c4b00000| Untracked 
|  76|0x00000006c4c00000, 0x00000006c4c00000, 0x00000006c4d00000|  0%| F|  |TAMS 0x00000006c4c00000, 0x00000006c4c00000| Untracked 
|  77|0x00000006c4d00000, 0x00000006c4d00000, 0x00000006c4e00000|  0%| F|  |TAMS 0x00000006c4d00000, 0x00000006c4d00000| Untracked 
|  78|0x00000006c4e00000, 0x00000006c4e00000, 0x00000006c4f00000|  0%| F|  |TAMS 0x00000006c4e00000, 0x00000006c4e00000| Untracked 
|  79|0x00000006c4f00000, 0x00000006c4f00000, 0x00000006c5000000|  0%| F|  |TAMS 0x00000006c4f00000, 0x00000006c4f00000| Untracked 
|  80|0x00000006c5000000, 0x00000006c5000000, 0x00000006c5100000|  0%| F|  |TAMS 0x00000006c5000000, 0x00000006c5000000| Untracked 
|  81|0x00000006c5100000, 0x00000006c5100000, 0x00000006c5200000|  0%| F|  |TAMS 0x00000006c5100000, 0x00000006c5100000| Untracked 
|  82|0x00000006c5200000, 0x00000006c5200000, 0x00000006c5300000|  0%| F|  |TAMS 0x00000006c5200000, 0x00000006c5200000| Untracked 
|  83|0x00000006c5300000, 0x00000006c5300000, 0x00000006c5400000|  0%| F|  |TAMS 0x00000006c5300000, 0x00000006c5300000| Untracked 
|  84|0x00000006c5400000, 0x00000006c5400000, 0x00000006c5500000|  0%| F|  |TAMS 0x00000006c5400000, 0x00000006c5400000| Untracked 
|  85|0x00000006c5500000, 0x00000006c5500000, 0x00000006c5600000|  0%| F|  |TAMS 0x00000006c5500000, 0x00000006c5500000| Untracked 
|  86|0x00000006c5600000, 0x00000006c5600000, 0x00000006c5700000|  0%| F|  |TAMS 0x00000006c5600000, 0x00000006c5600000| Untracked 
|  87|0x00000006c5700000, 0x00000006c5700000, 0x00000006c5800000|  0%| F|  |TAMS 0x00000006c5700000, 0x00000006c5700000| Untracked 
|  88|0x00000006c5800000, 0x00000006c5800000, 0x00000006c5900000|  0%| F|  |TAMS 0x00000006c5800000, 0x00000006c5800000| Untracked 
|  89|0x00000006c5900000, 0x00000006c5900000, 0x00000006c5a00000|  0%| F|  |TAMS 0x00000006c5900000, 0x00000006c5900000| Untracked 
|  90|0x00000006c5a00000, 0x00000006c5a00000, 0x00000006c5b00000|  0%| F|  |TAMS 0x00000006c5a00000, 0x00000006c5a00000| Untracked 
|  91|0x00000006c5b00000, 0x00000006c5b00000, 0x00000006c5c00000|  0%| F|  |TAMS 0x00000006c5b00000, 0x00000006c5b00000| Untracked 
|  92|0x00000006c5c00000, 0x00000006c5c00000, 0x00000006c5d00000|  0%| F|  |TAMS 0x00000006c5c00000, 0x00000006c5c00000| Untracked 
|  93|0x00000006c5d00000, 0x00000006c5d00000, 0x00000006c5e00000|  0%| F|  |TAMS 0x00000006c5d00000, 0x00000006c5d00000| Untracked 
|  94|0x00000006c5e00000, 0x00000006c5e00000, 0x00000006c5f00000|  0%| F|  |TAMS 0x00000006c5e00000, 0x00000006c5e00000| Untracked 
|  95|0x00000006c5f00000, 0x00000006c5f00000, 0x00000006c6000000|  0%| F|  |TAMS 0x00000006c5f00000, 0x00000006c5f00000| Untracked 
|  96|0x00000006c6000000, 0x00000006c6000000, 0x00000006c6100000|  0%| F|  |TAMS 0x00000006c6000000, 0x00000006c6000000| Untracked 
|  97|0x00000006c6100000, 0x00000006c6100000, 0x00000006c6200000|  0%| F|  |TAMS 0x00000006c6100000, 0x00000006c6100000| Untracked 
|  98|0x00000006c6200000, 0x00000006c6200000, 0x00000006c6300000|  0%| F|  |TAMS 0x00000006c6200000, 0x00000006c6200000| Untracked 
|  99|0x00000006c6300000, 0x00000006c6300000, 0x00000006c6400000|  0%| F|  |TAMS 0x00000006c6300000, 0x00000006c6300000| Untracked 
| 100|0x00000006c6400000, 0x00000006c6400000, 0x00000006c6500000|  0%| F|  |TAMS 0x00000006c6400000, 0x00000006c6400000| Untracked 
| 101|0x00000006c6500000, 0x00000006c6500000, 0x00000006c6600000|  0%| F|  |TAMS 0x00000006c6500000, 0x00000006c6500000| Untracked 
| 102|0x00000006c6600000, 0x00000006c6600000, 0x00000006c6700000|  0%| F|  |TAMS 0x00000006c6600000, 0x00000006c6600000| Untracked 
| 103|0x00000006c6700000, 0x00000006c6700000, 0x00000006c6800000|  0%| F|  |TAMS 0x00000006c6700000, 0x00000006c6700000| Untracked 
| 104|0x00000006c6800000, 0x00000006c6800000, 0x00000006c6900000|  0%| F|  |TAMS 0x00000006c6800000, 0x00000006c6800000| Untracked 
| 105|0x00000006c6900000, 0x00000006c6900000, 0x00000006c6a00000|  0%| F|  |TAMS 0x00000006c6900000, 0x00000006c6900000| Untracked 
| 106|0x00000006c6a00000, 0x00000006c6a00000, 0x00000006c6b00000|  0%| F|  |TAMS 0x00000006c6a00000, 0x00000006c6a00000| Untracked 
| 107|0x00000006c6b00000, 0x00000006c6b00000, 0x00000006c6c00000|  0%| F|  |TAMS 0x00000006c6b00000, 0x00000006c6b00000| Untracked 
| 108|0x00000006c6c00000, 0x00000006c6c00000, 0x00000006c6d00000|  0%| F|  |TAMS 0x00000006c6c00000, 0x00000006c6c00000| Untracked 
| 109|0x00000006c6d00000, 0x00000006c6d00000, 0x00000006c6e00000|  0%| F|  |TAMS 0x00000006c6d00000, 0x00000006c6d00000| Untracked 
| 110|0x00000006c6e00000, 0x00000006c6e00000, 0x00000006c6f00000|  0%| F|  |TAMS 0x00000006c6e00000, 0x00000006c6e00000| Untracked 
| 111|0x00000006c6f00000, 0x00000006c6f00000, 0x00000006c7000000|  0%| F|  |TAMS 0x00000006c6f00000, 0x00000006c6f00000| Untracked 
| 112|0x00000006c7000000, 0x00000006c7000000, 0x00000006c7100000|  0%| F|  |TAMS 0x00000006c7000000, 0x00000006c7000000| Untracked 
| 113|0x00000006c7100000, 0x00000006c7100000, 0x00000006c7200000|  0%| F|  |TAMS 0x00000006c7100000, 0x00000006c7100000| Untracked 
| 114|0x00000006c7200000, 0x00000006c7200000, 0x00000006c7300000|  0%| F|  |TAMS 0x00000006c7200000, 0x00000006c7200000| Untracked 
| 115|0x00000006c7300000, 0x00000006c7300000, 0x00000006c7400000|  0%| F|  |TAMS 0x00000006c7300000, 0x00000006c7300000| Untracked 
| 116|0x00000006c7400000, 0x00000006c7400000, 0x00000006c7500000|  0%| F|  |TAMS 0x00000006c7400000, 0x00000006c7400000| Untracked 
| 117|0x00000006c7500000, 0x00000006c7500000, 0x00000006c7600000|  0%| F|  |TAMS 0x00000006c7500000, 0x00000006c7500000| Untracked 
| 118|0x00000006c7600000, 0x00000006c7600000, 0x00000006c7700000|  0%| F|  |TAMS 0x00000006c7600000, 0x00000006c7600000| Untracked 
| 119|0x00000006c7700000, 0x00000006c7700000, 0x00000006c7800000|  0%| F|  |TAMS 0x00000006c7700000, 0x00000006c7700000| Untracked 
| 120|0x00000006c7800000, 0x00000006c7800000, 0x00000006c7900000|  0%| F|  |TAMS 0x00000006c7800000, 0x00000006c7800000| Untracked 
| 121|0x00000006c7900000, 0x00000006c7900000, 0x00000006c7a00000|  0%| F|  |TAMS 0x00000006c7900000, 0x00000006c7900000| Untracked 
| 122|0x00000006c7a00000, 0x00000006c7a00000, 0x00000006c7b00000|  0%| F|  |TAMS 0x00000006c7a00000, 0x00000006c7a00000| Untracked 
| 123|0x00000006c7b00000, 0x00000006c7b00000, 0x00000006c7c00000|  0%| F|  |TAMS 0x00000006c7b00000, 0x00000006c7b00000| Untracked 
| 124|0x00000006c7c00000, 0x00000006c7c00000, 0x00000006c7d00000|  0%| F|  |TAMS 0x00000006c7c00000, 0x00000006c7c00000| Untracked 
| 125|0x00000006c7d00000, 0x00000006c7d00000, 0x00000006c7e00000|  0%| F|  |TAMS 0x00000006c7d00000, 0x00000006c7d00000| Untracked 
| 126|0x00000006c7e00000, 0x00000006c7e00000, 0x00000006c7f00000|  0%| F|  |TAMS 0x00000006c7e00000, 0x00000006c7e00000| Untracked 
| 127|0x00000006c7f00000, 0x00000006c7f00000, 0x00000006c8000000|  0%| F|  |TAMS 0x00000006c7f00000, 0x00000006c7f00000| Untracked 
| 128|0x00000006c8000000, 0x00000006c8100000, 0x00000006c8100000|100%| S|CS|TAMS 0x00000006c8000000, 0x00000006c8000000| Complete 
| 129|0x00000006c8100000, 0x00000006c8200000, 0x00000006c8200000|100%| S|CS|TAMS 0x00000006c8100000, 0x00000006c8100000| Complete 
| 130|0x00000006c8200000, 0x00000006c8300000, 0x00000006c8300000|100%| S|CS|TAMS 0x00000006c8200000, 0x00000006c8200000| Complete 
| 131|0x00000006c8300000, 0x00000006c8400000, 0x00000006c8400000|100%| S|CS|TAMS 0x00000006c8300000, 0x00000006c8300000| Complete 
| 132|0x00000006c8400000, 0x00000006c8500000, 0x00000006c8500000|100%| S|CS|TAMS 0x00000006c8400000, 0x00000006c8400000| Complete 
| 133|0x00000006c8500000, 0x00000006c8600000, 0x00000006c8600000|100%| S|CS|TAMS 0x00000006c8500000, 0x00000006c8500000| Complete 
| 134|0x00000006c8600000, 0x00000006c8700000, 0x00000006c8700000|100%| S|CS|TAMS 0x00000006c8600000, 0x00000006c8600000| Complete 
| 135|0x00000006c8700000, 0x00000006c8800000, 0x00000006c8800000|100%| S|CS|TAMS 0x00000006c8700000, 0x00000006c8700000| Complete 
| 136|0x00000006c8800000, 0x00000006c8900000, 0x00000006c8900000|100%| S|CS|TAMS 0x00000006c8800000, 0x00000006c8800000| Complete 
| 137|0x00000006c8900000, 0x00000006c8a00000, 0x00000006c8a00000|100%| S|CS|TAMS 0x00000006c8900000, 0x00000006c8900000| Complete 
| 138|0x00000006c8a00000, 0x00000006c8b00000, 0x00000006c8b00000|100%| S|CS|TAMS 0x00000006c8a00000, 0x00000006c8a00000| Complete 
| 139|0x00000006c8b00000, 0x00000006c8c00000, 0x00000006c8c00000|100%| S|CS|TAMS 0x00000006c8b00000, 0x00000006c8b00000| Complete 
| 140|0x00000006c8c00000, 0x00000006c8d00000, 0x00000006c8d00000|100%| S|CS|TAMS 0x00000006c8c00000, 0x00000006c8c00000| Complete 
| 141|0x00000006c8d00000, 0x00000006c8e00000, 0x00000006c8e00000|100%| S|CS|TAMS 0x00000006c8d00000, 0x00000006c8d00000| Complete 
| 142|0x00000006c8e00000, 0x00000006c8f00000, 0x00000006c8f00000|100%| S|CS|TAMS 0x00000006c8e00000, 0x00000006c8e00000| Complete 
| 143|0x00000006c8f00000, 0x00000006c9000000, 0x00000006c9000000|100%| S|CS|TAMS 0x00000006c8f00000, 0x00000006c8f00000| Complete 
| 144|0x00000006c9000000, 0x00000006c9100000, 0x00000006c9100000|100%| S|CS|TAMS 0x00000006c9000000, 0x00000006c9000000| Complete 
| 145|0x00000006c9100000, 0x00000006c9200000, 0x00000006c9200000|100%| S|CS|TAMS 0x00000006c9100000, 0x00000006c9100000| Complete 
| 146|0x00000006c9200000, 0x00000006c9300000, 0x00000006c9300000|100%| S|CS|TAMS 0x00000006c9200000, 0x00000006c9200000| Complete 
| 147|0x00000006c9300000, 0x00000006c9400000, 0x00000006c9400000|100%| S|CS|TAMS 0x00000006c9300000, 0x00000006c9300000| Complete 
| 148|0x00000006c9400000, 0x00000006c9400000, 0x00000006c9500000|  0%| F|  |TAMS 0x00000006c9400000, 0x00000006c9400000| Untracked 
| 149|0x00000006c9500000, 0x00000006c9500000, 0x00000006c9600000|  0%| F|  |TAMS 0x00000006c9500000, 0x00000006c9500000| Untracked 
| 150|0x00000006c9600000, 0x00000006c9600000, 0x00000006c9700000|  0%| F|  |TAMS 0x00000006c9600000, 0x00000006c9600000| Untracked 
| 151|0x00000006c9700000, 0x00000006c9700000, 0x00000006c9800000|  0%| F|  |TAMS 0x00000006c9700000, 0x00000006c9700000| Untracked 
| 152|0x00000006c9800000, 0x00000006c9800000, 0x00000006c9900000|  0%| F|  |TAMS 0x00000006c9800000, 0x00000006c9800000| Untracked 
| 153|0x00000006c9900000, 0x00000006c9900000, 0x00000006c9a00000|  0%| F|  |TAMS 0x00000006c9900000, 0x00000006c9900000| Untracked 
| 154|0x00000006c9a00000, 0x00000006c9a00000, 0x00000006c9b00000|  0%| F|  |TAMS 0x00000006c9a00000, 0x00000006c9a00000| Untracked 
| 155|0x00000006c9b00000, 0x00000006c9b00000, 0x00000006c9c00000|  0%| F|  |TAMS 0x00000006c9b00000, 0x00000006c9b00000| Untracked 
| 156|0x00000006c9c00000, 0x00000006c9c00000, 0x00000006c9d00000|  0%| F|  |TAMS 0x00000006c9c00000, 0x00000006c9c00000| Untracked 
| 157|0x00000006c9d00000, 0x00000006c9d00000, 0x00000006c9e00000|  0%| F|  |TAMS 0x00000006c9d00000, 0x00000006c9d00000| Untracked 
| 158|0x00000006c9e00000, 0x00000006c9e00000, 0x00000006c9f00000|  0%| F|  |TAMS 0x00000006c9e00000, 0x00000006c9e00000| Untracked 
| 159|0x00000006c9f00000, 0x00000006c9f00000, 0x00000006ca000000|  0%| F|  |TAMS 0x00000006c9f00000, 0x00000006c9f00000| Untracked 
| 160|0x00000006ca000000, 0x00000006ca000000, 0x00000006ca100000|  0%| F|  |TAMS 0x00000006ca000000, 0x00000006ca000000| Untracked 
| 161|0x00000006ca100000, 0x00000006ca100000, 0x00000006ca200000|  0%| F|  |TAMS 0x00000006ca100000, 0x00000006ca100000| Untracked 
| 162|0x00000006ca200000, 0x00000006ca200000, 0x00000006ca300000|  0%| F|  |TAMS 0x00000006ca200000, 0x00000006ca200000| Untracked 
| 163|0x00000006ca300000, 0x00000006ca300000, 0x00000006ca400000|  0%| F|  |TAMS 0x00000006ca300000, 0x00000006ca300000| Untracked 
| 164|0x00000006ca400000, 0x00000006ca400000, 0x00000006ca500000|  0%| F|  |TAMS 0x00000006ca400000, 0x00000006ca400000| Untracked 
| 165|0x00000006ca500000, 0x00000006ca500000, 0x00000006ca600000|  0%| F|  |TAMS 0x00000006ca500000, 0x00000006ca500000| Untracked 
| 166|0x00000006ca600000, 0x00000006ca600000, 0x00000006ca700000|  0%| F|  |TAMS 0x00000006ca600000, 0x00000006ca600000| Untracked 
| 167|0x00000006ca700000, 0x00000006ca700000, 0x00000006ca800000|  0%| F|  |TAMS 0x00000006ca700000, 0x00000006ca700000| Untracked 
| 168|0x00000006ca800000, 0x00000006ca800000, 0x00000006ca900000|  0%| F|  |TAMS 0x00000006ca800000, 0x00000006ca800000| Untracked 
| 169|0x00000006ca900000, 0x00000006ca900000, 0x00000006caa00000|  0%| F|  |TAMS 0x00000006ca900000, 0x00000006ca900000| Untracked 
| 170|0x00000006caa00000, 0x00000006caa00000, 0x00000006cab00000|  0%| F|  |TAMS 0x00000006caa00000, 0x00000006caa00000| Untracked 
| 171|0x00000006cab00000, 0x00000006cab00000, 0x00000006cac00000|  0%| F|  |TAMS 0x00000006cab00000, 0x00000006cab00000| Untracked 
| 172|0x00000006cac00000, 0x00000006cac00000, 0x00000006cad00000|  0%| F|  |TAMS 0x00000006cac00000, 0x00000006cac00000| Untracked 
| 173|0x00000006cad00000, 0x00000006cad00000, 0x00000006cae00000|  0%| F|  |TAMS 0x00000006cad00000, 0x00000006cad00000| Untracked 
| 174|0x00000006cae00000, 0x00000006cae00000, 0x00000006caf00000|  0%| F|  |TAMS 0x00000006cae00000, 0x00000006cae00000| Untracked 
| 175|0x00000006caf00000, 0x00000006caf00000, 0x00000006cb000000|  0%| F|  |TAMS 0x00000006caf00000, 0x00000006caf00000| Untracked 
| 176|0x00000006cb000000, 0x00000006cb000000, 0x00000006cb100000|  0%| F|  |TAMS 0x00000006cb000000, 0x00000006cb000000| Untracked 
| 177|0x00000006cb100000, 0x00000006cb100000, 0x00000006cb200000|  0%| F|  |TAMS 0x00000006cb100000, 0x00000006cb100000| Untracked 
| 178|0x00000006cb200000, 0x00000006cb200000, 0x00000006cb300000|  0%| F|  |TAMS 0x00000006cb200000, 0x00000006cb200000| Untracked 
| 179|0x00000006cb300000, 0x00000006cb300000, 0x00000006cb400000|  0%| F|  |TAMS 0x00000006cb300000, 0x00000006cb300000| Untracked 
| 180|0x00000006cb400000, 0x00000006cb400000, 0x00000006cb500000|  0%| F|  |TAMS 0x00000006cb400000, 0x00000006cb400000| Untracked 
| 181|0x00000006cb500000, 0x00000006cb500000, 0x00000006cb600000|  0%| F|  |TAMS 0x00000006cb500000, 0x00000006cb500000| Untracked 
| 182|0x00000006cb600000, 0x00000006cb600000, 0x00000006cb700000|  0%| F|  |TAMS 0x00000006cb600000, 0x00000006cb600000| Untracked 
| 183|0x00000006cb700000, 0x00000006cb700000, 0x00000006cb800000|  0%| F|  |TAMS 0x00000006cb700000, 0x00000006cb700000| Untracked 
| 184|0x00000006cb800000, 0x00000006cb800000, 0x00000006cb900000|  0%| F|  |TAMS 0x00000006cb800000, 0x00000006cb800000| Untracked 
| 185|0x00000006cb900000, 0x00000006cb900000, 0x00000006cba00000|  0%| F|  |TAMS 0x00000006cb900000, 0x00000006cb900000| Untracked 
| 186|0x00000006cba00000, 0x00000006cba00000, 0x00000006cbb00000|  0%| F|  |TAMS 0x00000006cba00000, 0x00000006cba00000| Untracked 
| 187|0x00000006cbb00000, 0x00000006cbb00000, 0x00000006cbc00000|  0%| F|  |TAMS 0x00000006cbb00000, 0x00000006cbb00000| Untracked 
| 188|0x00000006cbc00000, 0x00000006cbc00000, 0x00000006cbd00000|  0%| F|  |TAMS 0x00000006cbc00000, 0x00000006cbc00000| Untracked 
| 189|0x00000006cbd00000, 0x00000006cbd00000, 0x00000006cbe00000|  0%| F|  |TAMS 0x00000006cbd00000, 0x00000006cbd00000| Untracked 
| 190|0x00000006cbe00000, 0x00000006cbe00000, 0x00000006cbf00000|  0%| F|  |TAMS 0x00000006cbe00000, 0x00000006cbe00000| Untracked 
| 191|0x00000006cbf00000, 0x00000006cbf00000, 0x00000006cc000000|  0%| F|  |TAMS 0x00000006cbf00000, 0x00000006cbf00000| Untracked 
| 192|0x00000006cc000000, 0x00000006cc000000, 0x00000006cc100000|  0%| F|  |TAMS 0x00000006cc000000, 0x00000006cc000000| Untracked 
| 193|0x00000006cc100000, 0x00000006cc100000, 0x00000006cc200000|  0%| F|  |TAMS 0x00000006cc100000, 0x00000006cc100000| Untracked 
| 194|0x00000006cc200000, 0x00000006cc200000, 0x00000006cc300000|  0%| F|  |TAMS 0x00000006cc200000, 0x00000006cc200000| Untracked 
| 195|0x00000006cc300000, 0x00000006cc300000, 0x00000006cc400000|  0%| F|  |TAMS 0x00000006cc300000, 0x00000006cc300000| Untracked 
| 196|0x00000006cc400000, 0x00000006cc400000, 0x00000006cc500000|  0%| F|  |TAMS 0x00000006cc400000, 0x00000006cc400000| Untracked 
| 197|0x00000006cc500000, 0x00000006cc500000, 0x00000006cc600000|  0%| F|  |TAMS 0x00000006cc500000, 0x00000006cc500000| Untracked 
| 198|0x00000006cc600000, 0x00000006cc600000, 0x00000006cc700000|  0%| F|  |TAMS 0x00000006cc600000, 0x00000006cc600000| Untracked 
| 199|0x00000006cc700000, 0x00000006cc700000, 0x00000006cc800000|  0%| F|  |TAMS 0x00000006cc700000, 0x00000006cc700000| Untracked 
| 200|0x00000006cc800000, 0x00000006cc800000, 0x00000006cc900000|  0%| F|  |TAMS 0x00000006cc800000, 0x00000006cc800000| Untracked 
| 201|0x00000006cc900000, 0x00000006cc900000, 0x00000006cca00000|  0%| F|  |TAMS 0x00000006cc900000, 0x00000006cc900000| Untracked 
| 202|0x00000006cca00000, 0x00000006cca00000, 0x00000006ccb00000|  0%| F|  |TAMS 0x00000006cca00000, 0x00000006cca00000| Untracked 
| 203|0x00000006ccb00000, 0x00000006ccb00000, 0x00000006ccc00000|  0%| F|  |TAMS 0x00000006ccb00000, 0x00000006ccb00000| Untracked 
| 204|0x00000006ccc00000, 0x00000006ccc00000, 0x00000006ccd00000|  0%| F|  |TAMS 0x00000006ccc00000, 0x00000006ccc00000| Untracked 
| 205|0x00000006ccd00000, 0x00000006ccd00000, 0x00000006cce00000|  0%| F|  |TAMS 0x00000006ccd00000, 0x00000006ccd00000| Untracked 
| 206|0x00000006cce00000, 0x00000006cce00000, 0x00000006ccf00000|  0%| F|  |TAMS 0x00000006cce00000, 0x00000006cce00000| Untracked 
| 207|0x00000006ccf00000, 0x00000006ccf00000, 0x00000006cd000000|  0%| F|  |TAMS 0x00000006ccf00000, 0x00000006ccf00000| Untracked 
| 208|0x00000006cd000000, 0x00000006cd000000, 0x00000006cd100000|  0%| F|  |TAMS 0x00000006cd000000, 0x00000006cd000000| Untracked 
| 209|0x00000006cd100000, 0x00000006cd100000, 0x00000006cd200000|  0%| F|  |TAMS 0x00000006cd100000, 0x00000006cd100000| Untracked 
| 210|0x00000006cd200000, 0x00000006cd200000, 0x00000006cd300000|  0%| F|  |TAMS 0x00000006cd200000, 0x00000006cd200000| Untracked 
| 211|0x00000006cd300000, 0x00000006cd300000, 0x00000006cd400000|  0%| F|  |TAMS 0x00000006cd300000, 0x00000006cd300000| Untracked 
| 212|0x00000006cd400000, 0x00000006cd400000, 0x00000006cd500000|  0%| F|  |TAMS 0x00000006cd400000, 0x00000006cd400000| Untracked 
| 213|0x00000006cd500000, 0x00000006cd500000, 0x00000006cd600000|  0%| F|  |TAMS 0x00000006cd500000, 0x00000006cd500000| Untracked 
| 214|0x00000006cd600000, 0x00000006cd600000, 0x00000006cd700000|  0%| F|  |TAMS 0x00000006cd600000, 0x00000006cd600000| Untracked 
| 215|0x00000006cd700000, 0x00000006cd700000, 0x00000006cd800000|  0%| F|  |TAMS 0x00000006cd700000, 0x00000006cd700000| Untracked 
| 216|0x00000006cd800000, 0x00000006cd800000, 0x00000006cd900000|  0%| F|  |TAMS 0x00000006cd800000, 0x00000006cd800000| Untracked 
| 217|0x00000006cd900000, 0x00000006cd900000, 0x00000006cda00000|  0%| F|  |TAMS 0x00000006cd900000, 0x00000006cd900000| Untracked 
| 218|0x00000006cda00000, 0x00000006cda00000, 0x00000006cdb00000|  0%| F|  |TAMS 0x00000006cda00000, 0x00000006cda00000| Untracked 
| 219|0x00000006cdb00000, 0x00000006cdb00000, 0x00000006cdc00000|  0%| F|  |TAMS 0x00000006cdb00000, 0x00000006cdb00000| Untracked 
| 220|0x00000006cdc00000, 0x00000006cdc00000, 0x00000006cdd00000|  0%| F|  |TAMS 0x00000006cdc00000, 0x00000006cdc00000| Untracked 
| 221|0x00000006cdd00000, 0x00000006cdd00000, 0x00000006cde00000|  0%| F|  |TAMS 0x00000006cdd00000, 0x00000006cdd00000| Untracked 
| 222|0x00000006cde00000, 0x00000006cde00000, 0x00000006cdf00000|  0%| F|  |TAMS 0x00000006cde00000, 0x00000006cde00000| Untracked 
| 223|0x00000006cdf00000, 0x00000006cdf00000, 0x00000006ce000000|  0%| F|  |TAMS 0x00000006cdf00000, 0x00000006cdf00000| Untracked 
| 224|0x00000006ce000000, 0x00000006ce000000, 0x00000006ce100000|  0%| F|  |TAMS 0x00000006ce000000, 0x00000006ce000000| Untracked 
| 225|0x00000006ce100000, 0x00000006ce100000, 0x00000006ce200000|  0%| F|  |TAMS 0x00000006ce100000, 0x00000006ce100000| Untracked 
| 226|0x00000006ce200000, 0x00000006ce200000, 0x00000006ce300000|  0%| F|  |TAMS 0x00000006ce200000, 0x00000006ce200000| Untracked 
| 227|0x00000006ce300000, 0x00000006ce300000, 0x00000006ce400000|  0%| F|  |TAMS 0x00000006ce300000, 0x00000006ce300000| Untracked 
| 228|0x00000006ce400000, 0x00000006ce400000, 0x00000006ce500000|  0%| F|  |TAMS 0x00000006ce400000, 0x00000006ce400000| Untracked 
| 229|0x00000006ce500000, 0x00000006ce500000, 0x00000006ce600000|  0%| F|  |TAMS 0x00000006ce500000, 0x00000006ce500000| Untracked 
| 230|0x00000006ce600000, 0x00000006ce600000, 0x00000006ce700000|  0%| F|  |TAMS 0x00000006ce600000, 0x00000006ce600000| Untracked 
| 231|0x00000006ce700000, 0x00000006ce700000, 0x00000006ce800000|  0%| F|  |TAMS 0x00000006ce700000, 0x00000006ce700000| Untracked 
| 232|0x00000006ce800000, 0x00000006ce800000, 0x00000006ce900000|  0%| F|  |TAMS 0x00000006ce800000, 0x00000006ce800000| Untracked 
| 233|0x00000006ce900000, 0x00000006ce900000, 0x00000006cea00000|  0%| F|  |TAMS 0x00000006ce900000, 0x00000006ce900000| Untracked 
| 234|0x00000006cea00000, 0x00000006cea00000, 0x00000006ceb00000|  0%| F|  |TAMS 0x00000006cea00000, 0x00000006cea00000| Untracked 
| 235|0x00000006ceb00000, 0x00000006ceb00000, 0x00000006cec00000|  0%| F|  |TAMS 0x00000006ceb00000, 0x00000006ceb00000| Untracked 
| 236|0x00000006cec00000, 0x00000006cec00000, 0x00000006ced00000|  0%| F|  |TAMS 0x00000006cec00000, 0x00000006cec00000| Untracked 
| 237|0x00000006ced00000, 0x00000006ced00000, 0x00000006cee00000|  0%| F|  |TAMS 0x00000006ced00000, 0x00000006ced00000| Untracked 
| 238|0x00000006cee00000, 0x00000006cee00000, 0x00000006cef00000|  0%| F|  |TAMS 0x00000006cee00000, 0x00000006cee00000| Untracked 
| 239|0x00000006cef00000, 0x00000006cef00000, 0x00000006cf000000|  0%| F|  |TAMS 0x00000006cef00000, 0x00000006cef00000| Untracked 
| 240|0x00000006cf000000, 0x00000006cf000000, 0x00000006cf100000|  0%| F|  |TAMS 0x00000006cf000000, 0x00000006cf000000| Untracked 
| 241|0x00000006cf100000, 0x00000006cf100000, 0x00000006cf200000|  0%| F|  |TAMS 0x00000006cf100000, 0x00000006cf100000| Untracked 
| 242|0x00000006cf200000, 0x00000006cf200000, 0x00000006cf300000|  0%| F|  |TAMS 0x00000006cf200000, 0x00000006cf200000| Untracked 
| 243|0x00000006cf300000, 0x00000006cf300000, 0x00000006cf400000|  0%| F|  |TAMS 0x00000006cf300000, 0x00000006cf300000| Untracked 
| 244|0x00000006cf400000, 0x00000006cf400000, 0x00000006cf500000|  0%| F|  |TAMS 0x00000006cf400000, 0x00000006cf400000| Untracked 
| 245|0x00000006cf500000, 0x00000006cf500000, 0x00000006cf600000|  0%| F|  |TAMS 0x00000006cf500000, 0x00000006cf500000| Untracked 
| 246|0x00000006cf600000, 0x00000006cf600000, 0x00000006cf700000|  0%| F|  |TAMS 0x00000006cf600000, 0x00000006cf600000| Untracked 
| 247|0x00000006cf700000, 0x00000006cf700000, 0x00000006cf800000|  0%| F|  |TAMS 0x00000006cf700000, 0x00000006cf700000| Untracked 
| 248|0x00000006cf800000, 0x00000006cf800000, 0x00000006cf900000|  0%| F|  |TAMS 0x00000006cf800000, 0x00000006cf800000| Untracked 
| 249|0x00000006cf900000, 0x00000006cf900000, 0x00000006cfa00000|  0%| F|  |TAMS 0x00000006cf900000, 0x00000006cf900000| Untracked 
| 250|0x00000006cfa00000, 0x00000006cfa00000, 0x00000006cfb00000|  0%| F|  |TAMS 0x00000006cfa00000, 0x00000006cfa00000| Untracked 
| 251|0x00000006cfb00000, 0x00000006cfb00000, 0x00000006cfc00000|  0%| F|  |TAMS 0x00000006cfb00000, 0x00000006cfb00000| Untracked 
| 252|0x00000006cfc00000, 0x00000006cfc00000, 0x00000006cfd00000|  0%| F|  |TAMS 0x00000006cfc00000, 0x00000006cfc00000| Untracked 
| 253|0x00000006cfd00000, 0x00000006cfd00000, 0x00000006cfe00000|  0%| F|  |TAMS 0x00000006cfd00000, 0x00000006cfd00000| Untracked 
| 254|0x00000006cfe00000, 0x00000006cfe00000, 0x00000006cff00000|  0%| F|  |TAMS 0x00000006cfe00000, 0x00000006cfe00000| Untracked 
| 255|0x00000006cff00000, 0x00000006cff00000, 0x00000006d0000000|  0%| F|  |TAMS 0x00000006cff00000, 0x00000006cff00000| Untracked 
| 256|0x00000006d0000000, 0x00000006d0000000, 0x00000006d0100000|  0%| F|  |TAMS 0x00000006d0000000, 0x00000006d0000000| Untracked 
| 257|0x00000006d0100000, 0x00000006d0100000, 0x00000006d0200000|  0%| F|  |TAMS 0x00000006d0100000, 0x00000006d0100000| Untracked 
| 258|0x00000006d0200000, 0x00000006d0200000, 0x00000006d0300000|  0%| F|  |TAMS 0x00000006d0200000, 0x00000006d0200000| Untracked 
| 259|0x00000006d0300000, 0x00000006d0300000, 0x00000006d0400000|  0%| F|  |TAMS 0x00000006d0300000, 0x00000006d0300000| Untracked 
| 260|0x00000006d0400000, 0x00000006d0400000, 0x00000006d0500000|  0%| F|  |TAMS 0x00000006d0400000, 0x00000006d0400000| Untracked 
| 261|0x00000006d0500000, 0x00000006d0500000, 0x00000006d0600000|  0%| F|  |TAMS 0x00000006d0500000, 0x00000006d0500000| Untracked 
| 262|0x00000006d0600000, 0x00000006d0600000, 0x00000006d0700000|  0%| F|  |TAMS 0x00000006d0600000, 0x00000006d0600000| Untracked 
| 263|0x00000006d0700000, 0x00000006d0700000, 0x00000006d0800000|  0%| F|  |TAMS 0x00000006d0700000, 0x00000006d0700000| Untracked 
| 264|0x00000006d0800000, 0x00000006d0800000, 0x00000006d0900000|  0%| F|  |TAMS 0x00000006d0800000, 0x00000006d0800000| Untracked 
| 265|0x00000006d0900000, 0x00000006d0900000, 0x00000006d0a00000|  0%| F|  |TAMS 0x00000006d0900000, 0x00000006d0900000| Untracked 
| 266|0x00000006d0a00000, 0x00000006d0a00000, 0x00000006d0b00000|  0%| F|  |TAMS 0x00000006d0a00000, 0x00000006d0a00000| Untracked 
| 267|0x00000006d0b00000, 0x00000006d0b00000, 0x00000006d0c00000|  0%| F|  |TAMS 0x00000006d0b00000, 0x00000006d0b00000| Untracked 
| 268|0x00000006d0c00000, 0x00000006d0c00000, 0x00000006d0d00000|  0%| F|  |TAMS 0x00000006d0c00000, 0x00000006d0c00000| Untracked 
| 269|0x00000006d0d00000, 0x00000006d0d00000, 0x00000006d0e00000|  0%| F|  |TAMS 0x00000006d0d00000, 0x00000006d0d00000| Untracked 
| 270|0x00000006d0e00000, 0x00000006d0e00000, 0x00000006d0f00000|  0%| F|  |TAMS 0x00000006d0e00000, 0x00000006d0e00000| Untracked 
| 271|0x00000006d0f00000, 0x00000006d0f00000, 0x00000006d1000000|  0%| F|  |TAMS 0x00000006d0f00000, 0x00000006d0f00000| Untracked 
| 272|0x00000006d1000000, 0x00000006d1000000, 0x00000006d1100000|  0%| F|  |TAMS 0x00000006d1000000, 0x00000006d1000000| Untracked 
| 273|0x00000006d1100000, 0x00000006d1100000, 0x00000006d1200000|  0%| F|  |TAMS 0x00000006d1100000, 0x00000006d1100000| Untracked 
| 274|0x00000006d1200000, 0x00000006d1200000, 0x00000006d1300000|  0%| F|  |TAMS 0x00000006d1200000, 0x00000006d1200000| Untracked 
| 275|0x00000006d1300000, 0x00000006d1300000, 0x00000006d1400000|  0%| F|  |TAMS 0x00000006d1300000, 0x00000006d1300000| Untracked 
| 276|0x00000006d1400000, 0x00000006d1500000, 0x00000006d1500000|100%| E|  |TAMS 0x00000006d1400000, 0x00000006d1400000| Complete 
| 277|0x00000006d1500000, 0x00000006d1600000, 0x00000006d1600000|100%| E|CS|TAMS 0x00000006d1500000, 0x00000006d1500000| Complete 
| 278|0x00000006d1600000, 0x00000006d1700000, 0x00000006d1700000|100%| E|CS|TAMS 0x00000006d1600000, 0x00000006d1600000| Complete 
| 279|0x00000006d1700000, 0x00000006d1800000, 0x00000006d1800000|100%| E|CS|TAMS 0x00000006d1700000, 0x00000006d1700000| Complete 
| 280|0x00000006d1800000, 0x00000006d1900000, 0x00000006d1900000|100%| E|CS|TAMS 0x00000006d1800000, 0x00000006d1800000| Complete 
| 281|0x00000006d1900000, 0x00000006d1a00000, 0x00000006d1a00000|100%| E|CS|TAMS 0x00000006d1900000, 0x00000006d1900000| Complete 
| 282|0x00000006d1a00000, 0x00000006d1b00000, 0x00000006d1b00000|100%| E|CS|TAMS 0x00000006d1a00000, 0x00000006d1a00000| Complete 
| 283|0x00000006d1b00000, 0x00000006d1c00000, 0x00000006d1c00000|100%| E|CS|TAMS 0x00000006d1b00000, 0x00000006d1b00000| Complete 
| 284|0x00000006d1c00000, 0x00000006d1d00000, 0x00000006d1d00000|100%| E|CS|TAMS 0x00000006d1c00000, 0x00000006d1c00000| Complete 
| 285|0x00000006d1d00000, 0x00000006d1e00000, 0x00000006d1e00000|100%| E|CS|TAMS 0x00000006d1d00000, 0x00000006d1d00000| Complete 
| 286|0x00000006d1e00000, 0x00000006d1f00000, 0x00000006d1f00000|100%| E|CS|TAMS 0x00000006d1e00000, 0x00000006d1e00000| Complete 
| 287|0x00000006d1f00000, 0x00000006d2000000, 0x00000006d2000000|100%| E|CS|TAMS 0x00000006d1f00000, 0x00000006d1f00000| Complete 
| 288|0x00000006d2000000, 0x00000006d2100000, 0x00000006d2100000|100%| E|CS|TAMS 0x00000006d2000000, 0x00000006d2000000| Complete 
| 289|0x00000006d2100000, 0x00000006d2200000, 0x00000006d2200000|100%| E|CS|TAMS 0x00000006d2100000, 0x00000006d2100000| Complete 
| 290|0x00000006d2200000, 0x00000006d2300000, 0x00000006d2300000|100%| E|CS|TAMS 0x00000006d2200000, 0x00000006d2200000| Complete 
| 291|0x00000006d2300000, 0x00000006d2400000, 0x00000006d2400000|100%| E|CS|TAMS 0x00000006d2300000, 0x00000006d2300000| Complete 
| 292|0x00000006d2400000, 0x00000006d2500000, 0x00000006d2500000|100%| E|CS|TAMS 0x00000006d2400000, 0x00000006d2400000| Complete 
| 293|0x00000006d2500000, 0x00000006d2600000, 0x00000006d2600000|100%| E|CS|TAMS 0x00000006d2500000, 0x00000006d2500000| Complete 
| 294|0x00000006d2600000, 0x00000006d2700000, 0x00000006d2700000|100%| E|CS|TAMS 0x00000006d2600000, 0x00000006d2600000| Complete 
| 295|0x00000006d2700000, 0x00000006d2800000, 0x00000006d2800000|100%| E|CS|TAMS 0x00000006d2700000, 0x00000006d2700000| Complete 
| 296|0x00000006d2800000, 0x00000006d2900000, 0x00000006d2900000|100%| E|CS|TAMS 0x00000006d2800000, 0x00000006d2800000| Complete 
| 297|0x00000006d2900000, 0x00000006d2a00000, 0x00000006d2a00000|100%| E|CS|TAMS 0x00000006d2900000, 0x00000006d2900000| Complete 
| 298|0x00000006d2a00000, 0x00000006d2b00000, 0x00000006d2b00000|100%| E|CS|TAMS 0x00000006d2a00000, 0x00000006d2a00000| Complete 
| 299|0x00000006d2b00000, 0x00000006d2c00000, 0x00000006d2c00000|100%| E|CS|TAMS 0x00000006d2b00000, 0x00000006d2b00000| Complete 
| 300|0x00000006d2c00000, 0x00000006d2d00000, 0x00000006d2d00000|100%| E|CS|TAMS 0x00000006d2c00000, 0x00000006d2c00000| Complete 
| 301|0x00000006d2d00000, 0x00000006d2e00000, 0x00000006d2e00000|100%| E|CS|TAMS 0x00000006d2d00000, 0x00000006d2d00000| Complete 
| 302|0x00000006d2e00000, 0x00000006d2f00000, 0x00000006d2f00000|100%| E|CS|TAMS 0x00000006d2e00000, 0x00000006d2e00000| Complete 
| 303|0x00000006d2f00000, 0x00000006d3000000, 0x00000006d3000000|100%| E|CS|TAMS 0x00000006d2f00000, 0x00000006d2f00000| Complete 
| 304|0x00000006d3000000, 0x00000006d3100000, 0x00000006d3100000|100%| E|CS|TAMS 0x00000006d3000000, 0x00000006d3000000| Complete 
| 305|0x00000006d3100000, 0x00000006d3200000, 0x00000006d3200000|100%| E|CS|TAMS 0x00000006d3100000, 0x00000006d3100000| Complete 
| 306|0x00000006d3200000, 0x00000006d3300000, 0x00000006d3300000|100%| E|CS|TAMS 0x00000006d3200000, 0x00000006d3200000| Complete 
| 307|0x00000006d3300000, 0x00000006d3400000, 0x00000006d3400000|100%| E|CS|TAMS 0x00000006d3300000, 0x00000006d3300000| Complete 

Card table byte_map: [0x000000011f360000,0x000000011fb60000] _byte_map_base: 0x000000011bd60000

Marking Bits (Prev, Next): (CMBitMap*) 0x000000012e830850, (CMBitMap*) 0x000000012e830818
 Prev Bits: [0x0000000138000000, 0x000000013c000000)
 Next Bits: [0x0000000128800000, 0x000000012c800000)

Polling page: 0x00000001021dc000

Metaspace:

Usage:
  Non-class:     54.13 MB capacity,    53.40 MB ( 99%) used,   584.95 KB (  1%) free+waste,   160.12 KB ( <1%) overhead. 
      Class:      7.58 MB capacity,     7.11 MB ( 94%) used,   410.50 KB (  5%) free+waste,    72.75 KB ( <1%) overhead. 
       Both:     61.71 MB capacity,    60.51 MB ( 98%) used,   995.45 KB (  2%) free+waste,   232.88 KB ( <1%) overhead. 

Virtual space:
  Non-class space:       56.00 MB reserved,      54.25 MB ( 97%) committed 
      Class space:        1.00 GB reserved,       7.69 MB ( <1%) committed 
             Both:        1.05 GB reserved,      61.94 MB (  6%) committed 

Chunk freelists:
   Non-Class:  60.00 KB
       Class:  0 bytes
        Both:  60.00 KB

MaxMetaspaceSize: unlimited
CompressedClassSpaceSize: 1.00 GB
Initial GC threshold: 20.80 MB
Current GC threshold: 98.23 MB
CDS: off

CodeHeap 'non-profiled nmethods': size=120032Kb used=5236Kb max_used=5236Kb free=114795Kb
 bounds [0x0000000117628000, 0x0000000117b48000, 0x000000011eb60000]
CodeHeap 'profiled nmethods': size=120016Kb used=21713Kb max_used=21713Kb free=98302Kb
 bounds [0x00000001100f4000, 0x0000000111634000, 0x0000000117628000]
CodeHeap 'non-nmethods': size=5712Kb used=1270Kb max_used=1427Kb free=4441Kb
 bounds [0x000000010fb60000, 0x000000010fdd0000, 0x00000001100f4000]
 total_blobs=8482 nmethods=7885 adapters=513
 compilation: enabled
              stopped_count=0, restarted_count=0
 full_count=0

Compilation events (20 events):
Event: 74037.596 Thread 0x000000014e016000 nmethod 8071 0x0000000111625310 code [0x00000001116254c0, 0x0000000111625750]
Event: 74037.596 Thread 0x000000014e016000 8069       3       org.apache.coyote.Request::getNote (7 bytes)
Event: 74037.596 Thread 0x000000014e016000 nmethod 8069 0x0000000111625890 code [0x0000000111625a40, 0x0000000111625c10]
Event: 74037.596 Thread 0x000000014e016000 8073       1       org.springframework.web.servlet.handler.AbstractHandlerMethodMapping$Match::access$200 (5 bytes)
Event: 74037.596 Thread 0x000000014e016000 nmethod 8073 0x0000000117b43f90 code [0x0000000117b44140, 0x0000000117b44250]
Event: 74037.596 Thread 0x000000014e016000 8074       3       org.apache.catalina.connector.Request::getHeaders (12 bytes)
Event: 74037.596 Thread 0x000000014e016000 nmethod 8074 0x0000000111625d10 code [0x0000000111625f00, 0x0000000111626200]
Event: 74037.597 Thread 0x000000014e016000 8075       1       com.fasterxml.jackson.databind.type.MapLikeType::isContainerType (2 bytes)
Event: 74037.597 Thread 0x000000014e016000 nmethod 8075 0x0000000117b44310 code [0x0000000117b444c0, 0x0000000117b44610]
Event: 74037.597 Thread 0x000000014e016000 8076       3       java.util.Calendar::setTime (9 bytes)
Event: 74037.597 Thread 0x000000014e016000 nmethod 8076 0x0000000111626390 code [0x0000000111626580, 0x00000001116268f0]
Event: 74037.597 Thread 0x000000014e016000 8077       3       sun.nio.ch.Util$BufferCache::next (8 bytes)
Event: 74037.597 Thread 0x000000014e016000 nmethod 8077 0x0000000111626a10 code [0x0000000111626bc0, 0x0000000111626d50]
Event: 74037.612 Thread 0x000000014e026800 nmethod 8072 0x0000000117b44690 code [0x0000000117b44840, 0x0000000117b44ff0]
Event: 74038.602 Thread 0x000000014e016000 8078       3       org.apache.tomcat.util.buf.MessageBytes::equals (78 bytes)
Event: 74038.602 Thread 0x000000014e016000 nmethod 8078 0x0000000111626e10 code [0x0000000111627000, 0x0000000111627420]
Event: 74038.604 Thread 0x000000014e016000 8080       3       org.springframework.util.ResourceUtils::isFileURL (38 bytes)
Event: 74038.605 Thread 0x000000014e016000 nmethod 8080 0x0000000111627590 code [0x0000000111627780, 0x0000000111627ae0]
Event: 74038.605 Thread 0x000000014e016000 8081       3       org.apache.coyote.http11.Http11OutputBuffer::sendHeader (41 bytes)
Event: 74038.605 Thread 0x000000014e016000 nmethod 8081 0x0000000111627c10 code [0x0000000111627e40, 0x0000000111628470]

GC Heap History (16 events):
Event: 0.364 GC heap before
{Heap before GC invocations=0 (full 0):
 garbage-first heap   total 262144K, used 23552K [0x00000006c0000000, 0x00000007c0000000)
  region size 1024K, 24 young (24576K), 0 survivors (0K)
 Metaspace       used 13490K, capacity 13743K, committed 13824K, reserved 1060864K
  class space    used 1372K, capacity 1461K, committed 1536K, reserved 1048576K
}
Event: 0.367 GC heap after
{Heap after GC invocations=1 (full 0):
 garbage-first heap   total 262144K, used 5516K [0x00000006c0000000, 0x00000007c0000000)
  region size 1024K, 3 young (3072K), 3 survivors (3072K)
 Metaspace       used 13490K, capacity 13743K, committed 13824K, reserved 1060864K
  class space    used 1372K, capacity 1461K, committed 1536K, reserved 1048576K
}
Event: 0.582 GC heap before
{Heap before GC invocations=1 (full 0):
 garbage-first heap   total 262144K, used 44428K [0x00000006c0000000, 0x00000007c0000000)
  region size 1024K, 42 young (43008K), 3 survivors (3072K)
 Metaspace       used 20658K, capacity 21075K, committed 21248K, reserved 1069056K
  class space    used 2278K, capacity 2448K, committed 2560K, reserved 1048576K
}
Event: 0.586 GC heap after
{Heap after GC invocations=2 (full 0):
 garbage-first heap   total 262144K, used 6967K [0x00000006c0000000, 0x00000007c0000000)
  region size 1024K, 5 young (5120K), 5 survivors (5120K)
 Metaspace       used 20658K, capacity 21075K, committed 21248K, reserved 1069056K
  class space    used 2278K, capacity 2448K, committed 2560K, reserved 1048576K
}
Event: 0.871 GC heap before
{Heap before GC invocations=3 (full 0):
 garbage-first heap   total 262144K, used 52023K [0x00000006c0000000, 0x00000007c0000000)
  region size 1024K, 49 young (50176K), 5 survivors (5120K)
 Metaspace       used 28424K, capacity 29019K, committed 29184K, reserved 1075200K
  class space    used 3307K, capacity 3575K, committed 3584K, reserved 1048576K
}
Event: 0.876 GC heap after
{Heap after GC invocations=4 (full 0):
 garbage-first heap   total 262144K, used 9896K [0x00000006c0000000, 0x00000007c0000000)
  region size 1024K, 5 young (5120K), 5 survivors (5120K)
 Metaspace       used 28424K, capacity 29019K, committed 29184K, reserved 1075200K
  class space    used 3307K, capacity 3575K, committed 3584K, reserved 1048576K
}
Event: 1.348 GC heap before
{Heap before GC invocations=4 (full 0):
 garbage-first heap   total 262144K, used 91816K [0x00000006c0000000, 0x00000007c0000000)
  region size 1024K, 85 young (87040K), 5 survivors (5120K)
 Metaspace       used 33699K, capacity 34435K, committed 34560K, reserved 1079296K
  class space    used 3944K, capacity 4256K, committed 4352K, reserved 1048576K
}
Event: 1.352 GC heap after
{Heap after GC invocations=5 (full 0):
 garbage-first heap   total 262144K, used 14140K [0x00000006c0000000, 0x00000007c0000000)
  region size 1024K, 9 young (9216K), 9 survivors (9216K)
 Metaspace       used 33699K, capacity 34435K, committed 34560K, reserved 1079296K
  class space    used 3944K, capacity 4256K, committed 4352K, reserved 1048576K
}
Event: 1.470 GC heap before
{Heap before GC invocations=5 (full 0):
 garbage-first heap   total 262144K, used 32572K [0x00000006c0000000, 0x00000007c0000000)
  region size 1024K, 28 young (28672K), 9 survivors (9216K)
 Metaspace       used 35000K, capacity 35788K, committed 35840K, reserved 1081344K
  class space    used 4115K, capacity 4468K, committed 4480K, reserved 1048576K
}
Event: 1.477 GC heap after
{Heap after GC invocations=6 (full 0):
 garbage-first heap   total 315392K, used 15672K [0x00000006c0000000, 0x00000007c0000000)
  region size 1024K, 10 young (10240K), 10 survivors (10240K)
 Metaspace       used 35000K, capacity 35788K, committed 35840K, reserved 1081344K
  class space    used 4115K, capacity 4468K, committed 4480K, reserved 1048576K
}
Event: 2.489 GC heap before
{Heap before GC invocations=7 (full 0):
 garbage-first heap   total 315392K, used 184632K [0x00000006c0000000, 0x00000007c0000000)
  region size 1024K, 175 young (179200K), 10 survivors (10240K)
 Metaspace       used 47772K, capacity 48785K, committed 48960K, reserved 1091584K
  class space    used 5681K, capacity 6093K, committed 6208K, reserved 1048576K
}
Event: 2.499 GC heap after
{Heap after GC invocations=8 (full 0):
 garbage-first heap   total 315392K, used 29658K [0x00000006c0000000, 0x00000007c0000000)
  region size 1024K, 22 young (22528K), 22 survivors (22528K)
 Metaspace       used 47772K, capacity 48785K, committed 48960K, reserved 1091584K
  class space    used 5681K, capacity 6093K, committed 6208K, reserved 1048576K
}
Event: 29.948 GC heap before
{Heap before GC invocations=8 (full 0):
 garbage-first heap   total 315392K, used 90074K [0x00000006c0000000, 0x00000007c0000000)
  region size 1024K, 82 young (83968K), 22 survivors (22528K)
 Metaspace       used 58886K, capacity 60041K, committed 60224K, reserved 1101824K
  class space    used 7045K, capacity 7484K, committed 7488K, reserved 1048576K
}
Event: 29.958 GC heap after
{Heap after GC invocations=9 (full 0):
 garbage-first heap   total 315392K, used 32947K [0x00000006c0000000, 0x00000007c0000000)
  region size 1024K, 7 young (7168K), 7 survivors (7168K)
 Metaspace       used 58886K, capacity 60041K, committed 60224K, reserved 1101824K
  class space    used 7045K, capacity 7484K, committed 7488K, reserved 1048576K
}
Event: 63767.132 GC heap before
{Heap before GC invocations=10 (full 0):
 garbage-first heap   total 315392K, used 189619K [0x00000006c0000000, 0x00000007c0000000)
  region size 1024K, 160 young (163840K), 7 survivors (7168K)
 Metaspace       used 61536K, capacity 62679K, committed 62784K, reserved 1103872K
  class space    used 7254K, capacity 7721K, committed 7744K, reserved 1048576K
}
Event: 63767.184 GC heap after
{Heap after GC invocations=11 (full 0):
 garbage-first heap   total 315392K, used 51909K [0x00000006c0000000, 0x00000007c0000000)
  region size 1024K, 20 young (20480K), 20 survivors (20480K)
 Metaspace       used 61536K, capacity 62679K, committed 62784K, reserved 1103872K
  class space    used 7254K, capacity 7721K, committed 7744K, reserved 1048576K
}

Deoptimization events (20 events):
Event: 73223.037 Thread 0x000000013e198800 Uncommon trap: trap_request=0xffffffbe fr.pc=0x0000000117b0ee90 relative=0x0000000000000910
Event: 73223.037 Thread 0x000000013e198800 Uncommon trap: reason=profile_predicate action=maybe_recompile pc=0x0000000117b0ee90 method=org.springframework.web.util.UrlPathHelper.getRemainingPath(Ljava/lang/String;Ljava/lang/String;Z)Ljava/lang/String; @ 12 c2
Event: 73223.037 Thread 0x000000013e198800 DEOPT PACKING pc=0x0000000117b0ee90 sp=0x000000028aaf4a70
Event: 73223.037 Thread 0x000000013e198800 DEOPT UNPACKING pc=0x000000010fb94d9c sp=0x000000028aaf4a00 mode 2
Event: 73236.504 Thread 0x000000014f79a800 Uncommon trap: trap_request=0xffffff4d fr.pc=0x0000000117aed5b8 relative=0x00000000000003f8
Event: 73236.504 Thread 0x000000014f79a800 Uncommon trap: reason=unstable_if action=reinterpret pc=0x0000000117aed5b8 method=org.apache.tomcat.util.net.NioEndpoint$Poller.timeout(IZ)V @ 201 c2
Event: 73236.504 Thread 0x000000014f79a800 DEOPT PACKING pc=0x0000000117aed5b8 sp=0x000000028b5328a0
Event: 73236.504 Thread 0x000000014f79a800 DEOPT UNPACKING pc=0x000000010fb94d9c sp=0x000000028b5327f0 mode 2
Event: 74036.566 Thread 0x000000014f79a800 Uncommon trap: trap_request=0xffffff4d fr.pc=0x0000000117a8e414 relative=0x0000000000000254
Event: 74036.566 Thread 0x000000014f79a800 Uncommon trap: reason=unstable_if action=reinterpret pc=0x0000000117a8e414 method=java.util.concurrent.locks.ReentrantLock$Sync.nonfairTryAcquire(I)Z @ 34 c2
Event: 74036.566 Thread 0x000000014f79a800 DEOPT PACKING pc=0x0000000117a8e414 sp=0x000000028b5323d0
Event: 74036.566 Thread 0x000000014f79a800 DEOPT UNPACKING pc=0x000000010fb94d9c sp=0x000000028b5322e0 mode 2
Event: 74036.902 Thread 0x000000013e198800 Uncommon trap: trap_request=0xffffff4d fr.pc=0x0000000117ab0774 relative=0x0000000000000474
Event: 74036.902 Thread 0x000000013e198800 Uncommon trap: reason=unstable_if action=reinterpret pc=0x0000000117ab0774 method=java.util.concurrent.locks.ReentrantReadWriteLock$Sync.tryAcquireShared(I)I @ 55 c2
Event: 74036.902 Thread 0x000000013e198800 DEOPT PACKING pc=0x0000000117ab0774 sp=0x000000028aaf6120
Event: 74036.902 Thread 0x000000013e198800 DEOPT UNPACKING pc=0x000000010fb94d9c sp=0x000000028aaf5f50 mode 2
Event: 74037.586 Thread 0x000000014f79a800 Uncommon trap: trap_request=0xffffff4d fr.pc=0x0000000117a8c694 relative=0x0000000000000254
Event: 74037.586 Thread 0x000000014f79a800 Uncommon trap: reason=unstable_if action=reinterpret pc=0x0000000117a8c694 method=java.util.concurrent.locks.ReentrantLock$Sync.nonfairTryAcquire(I)Z @ 34 c2
Event: 74037.586 Thread 0x000000014f79a800 DEOPT PACKING pc=0x0000000117a8c694 sp=0x000000028b532390
Event: 74037.586 Thread 0x000000014f79a800 DEOPT UNPACKING pc=0x000000010fb94d9c sp=0x000000028b532310 mode 2

Classes redefined (0 events):
No events

Internal exceptions (20 events):
Event: 50888.197 Thread 0x000000013c9e3000 Exception <a 'java/io/IOException'{0x00000006ccb96078}> (0x00000006ccb96078) thrown at [src/hotspot/share/prims/jni.cpp, line 617]
Event: 53198.543 Thread 0x000000013c9e3000 Exception <a 'java/io/IOException'{0x00000006ccb9dce0}> (0x00000006ccb9dce0) thrown at [src/hotspot/share/prims/jni.cpp, line 617]
Event: 53258.556 Thread 0x000000013c9e3000 Exception <a 'java/io/IOException'{0x00000006ccb9f720}> (0x00000006ccb9f720) thrown at [src/hotspot/share/prims/jni.cpp, line 617]
Event: 66190.606 Thread 0x000000013c9e3000 Exception <a 'java/io/IOException'{0x00000006d32088a8}> (0x00000006d32088a8) thrown at [src/hotspot/share/prims/jni.cpp, line 617]
Event: 66250.615 Thread 0x000000013c9e3000 Exception <a 'java/io/IOException'{0x00000006d3209ce8}> (0x00000006d3209ce8) thrown at [src/hotspot/share/prims/jni.cpp, line 617]
Event: 66280.626 Thread 0x000000013c9e3000 Exception <a 'java/io/IOException'{0x00000006d320b0f0}> (0x00000006d320b0f0) thrown at [src/hotspot/share/prims/jni.cpp, line 617]
Event: 66310.631 Thread 0x000000013c9e3000 Exception <a 'java/io/IOException'{0x00000006d320c4f8}> (0x00000006d320c4f8) thrown at [src/hotspot/share/prims/jni.cpp, line 617]
Event: 66340.642 Thread 0x000000013c9e3000 Exception <a 'java/io/IOException'{0x00000006d320d900}> (0x00000006d320d900) thrown at [src/hotspot/share/prims/jni.cpp, line 617]
Event: 66370.646 Thread 0x000000013c9e3000 Exception <a 'java/io/IOException'{0x00000006d320ed08}> (0x00000006d320ed08) thrown at [src/hotspot/share/prims/jni.cpp, line 617]
Event: 66400.648 Thread 0x000000013c9e3000 Exception <a 'java/io/IOException'{0x00000006d3210110}> (0x00000006d3210110) thrown at [src/hotspot/share/prims/jni.cpp, line 617]
Event: 66460.654 Thread 0x000000013c9e3000 Exception <a 'java/io/IOException'{0x00000006d3211558}> (0x00000006d3211558) thrown at [src/hotspot/share/prims/jni.cpp, line 617]
Event: 66490.665 Thread 0x000000013c9e3000 Exception <a 'java/io/IOException'{0x00000006d3212968}> (0x00000006d3212968) thrown at [src/hotspot/share/prims/jni.cpp, line 617]
Event: 66520.669 Thread 0x000000013c9e3000 Exception <a 'java/io/IOException'{0x00000006d3213d78}> (0x00000006d3213d78) thrown at [src/hotspot/share/prims/jni.cpp, line 617]
Event: 66550.670 Thread 0x000000013c9e3000 Exception <a 'java/io/IOException'{0x00000006d3215188}> (0x00000006d3215188) thrown at [src/hotspot/share/prims/jni.cpp, line 617]
Event: 66580.674 Thread 0x000000013c9e3000 Exception <a 'java/io/IOException'{0x00000006d3216598}> (0x00000006d3216598) thrown at [src/hotspot/share/prims/jni.cpp, line 617]
Event: 66610.684 Thread 0x000000013c9e3000 Exception <a 'java/io/IOException'{0x00000006d32179a8}> (0x00000006d32179a8) thrown at [src/hotspot/share/prims/jni.cpp, line 617]
Event: 66640.686 Thread 0x000000013c9e3000 Exception <a 'java/io/IOException'{0x00000006d3218db0}> (0x00000006d3218db0) thrown at [src/hotspot/share/prims/jni.cpp, line 617]
Event: 66700.707 Thread 0x000000013c9e3000 Exception <a 'java/io/IOException'{0x00000006d321a1f0}> (0x00000006d321a1f0) thrown at [src/hotspot/share/prims/jni.cpp, line 617]
Event: 66730.709 Thread 0x000000013c9e3000 Exception <a 'java/io/IOException'{0x00000006d321b5f8}> (0x00000006d321b5f8) thrown at [src/hotspot/share/prims/jni.cpp, line 617]
Event: 66760.722 Thread 0x000000013c9e3000 Exception <a 'java/io/IOException'{0x00000006d321ca00}> (0x00000006d321ca00) thrown at [src/hotspot/share/prims/jni.cpp, line 617]

Events (20 events):
Event: 74035.422 Executing VM operation: RevokeBias
Event: 74035.422 Executing VM operation: RevokeBias done
Event: 74035.423 Executing VM operation: RevokeBias
Event: 74035.423 Executing VM operation: RevokeBias done
Event: 74035.456 Executing VM operation: RevokeBias
Event: 74035.456 Executing VM operation: RevokeBias done
Event: 74037.053 Executing VM operation: RevokeBias
Event: 74037.053 Executing VM operation: RevokeBias done
Event: 74037.053 Executing VM operation: RevokeBias
Event: 74037.053 Executing VM operation: RevokeBias done
Event: 74037.053 Executing VM operation: RevokeBias
Event: 74037.053 Executing VM operation: RevokeBias done
Event: 74047.058 Executing VM operation: RevokeBias
Event: 74047.058 Executing VM operation: RevokeBias done
Event: 74047.058 Executing VM operation: RevokeBias
Event: 74047.058 Executing VM operation: RevokeBias done
Event: 74047.058 Executing VM operation: RevokeBias
Event: 74047.058 Executing VM operation: RevokeBias done
Event: 74047.058 Executing VM operation: RevokeBias
Event: 74047.059 Executing VM operation: RevokeBias done


Dynamic libraries:
0x00000001b0555000 	/System/Library/Frameworks/Cocoa.framework/Versions/A/Cocoa
0x000000019e468000 	/System/Library/Frameworks/Security.framework/Versions/A/Security
0x00000001ae8c1000 	/System/Library/Frameworks/ApplicationServices.framework/Versions/A/ApplicationServices
0x0000000102124000 	/Users/gimjaeseong/Library/Java/JavaVirtualMachines/corretto-11.0.19/Contents/Home/lib/jli/libjli.dylib
0x00000001a60cf000 	/usr/lib/libSystem.B.dylib
0x000000019eede000 	/System/Library/Frameworks/AppKit.framework/Versions/C/AppKit
0x00000001a1d04000 	/System/Library/Frameworks/CoreData.framework/Versions/A/CoreData
0x000000019d473000 	/System/Library/Frameworks/Foundation.framework/Versions/C/Foundation
0x000000019fc21000 	/System/Library/PrivateFrameworks/UIFoundation.framework/Versions/A/UIFoundation
0x00000001ab737000 	/System/Library/PrivateFrameworks/RemoteViewServices.framework/Versions/A/RemoteViewServices
0x00000001a4949000 	/System/Library/PrivateFrameworks/XCTTargetBootstrap.framework/Versions/A/XCTTargetBootstrap
0x00000001a728b000 	/usr/lib/libspindump.dylib
0x000000019fe48000 	/System/Library/Frameworks/UniformTypeIdentifiers.framework/Versions/A/UniformTypeIdentifiers
0x00000001a2f31000 	/usr/lib/libapp_launch_measurement.dylib
0x00000001a2f34000 	/System/Library/PrivateFrameworks/CoreAutoLayout.framework/Versions/A/CoreAutoLayout
0x00000001a42c6000 	/System/Library/Frameworks/Metal.framework/Versions/A/Metal
0x00000001a4f26000 	/usr/lib/liblangid.dylib
0x00000001a494d000 	/System/Library/PrivateFrameworks/CoreSVG.framework/Versions/A/CoreSVG
0x00000001a0efb000 	/System/Library/PrivateFrameworks/SkyLight.framework/Versions/A/SkyLight
0x00000001a126a000 	/System/Library/Frameworks/CoreGraphics.framework/Versions/A/CoreGraphics
0x00000001abc57000 	/System/Library/Frameworks/Accelerate.framework/Versions/A/Accelerate
0x00000001a6ce5000 	/System/Library/PrivateFrameworks/IconServices.framework/Versions/A/IconServices
0x00000001a42aa000 	/System/Library/Frameworks/IOSurface.framework/Versions/A/IOSurface
0x00000001a25d3000 	/usr/lib/libDiagnosticMessagesClient.dylib
0x00000001a6029000 	/usr/lib/libz.1.dylib
0x00000001a4931000 	/System/Library/PrivateFrameworks/DFRFoundation.framework/Versions/A/DFRFoundation
0x000000019e7cf000 	/usr/lib/libicucore.A.dylib
0x00000001a87db000 	/System/Library/Frameworks/AudioToolbox.framework/Versions/A/AudioToolbox
0x00000001a79ee000 	/System/Library/PrivateFrameworks/DataDetectorsCore.framework/Versions/A/DataDetectorsCore
0x00000001a0e76000 	/usr/lib/libMobileGestalt.dylib
0x00000001a4626000 	/System/Library/Frameworks/Carbon.framework/Versions/A/Frameworks/HIToolbox.framework/Versions/A/HIToolbox
0x00000001a29ce000 	/System/Library/Frameworks/QuartzCore.framework/Versions/A/QuartzCore
0x00000001ab76f000 	/System/Library/Frameworks/Carbon.framework/Versions/A/Frameworks/SpeechRecognition.framework/Versions/A/SpeechRecognition
0x00000001a2ccf000 	/System/Library/PrivateFrameworks/CoreUI.framework/Versions/A/CoreUI
0x000000019de4d000 	/System/Library/Frameworks/CoreAudio.framework/Versions/A/CoreAudio
0x00000001a26bc000 	/System/Library/Frameworks/DiskArbitration.framework/Versions/A/DiskArbitration
0x00000001a763e000 	/System/Library/PrivateFrameworks/MultitouchSupport.framework/Versions/A/MultitouchSupport
0x00000001a79e5000 	/System/Library/PrivateFrameworks/InternationalSupport.framework/Versions/A/InternationalSupport
0x00000001a0e74000 	/usr/lib/libenergytrace.dylib
0x000000019edb8000 	/System/Library/Frameworks/IOKit.framework/Versions/A/IOKit
0x00000001aba9a000 	/System/Library/Frameworks/CoreServices.framework/Versions/A/CoreServices
0x00000001a2ec7000 	/System/Library/PrivateFrameworks/PerformanceAnalysis.framework/Versions/A/PerformanceAnalysis
0x00000001de4f4000 	/System/Library/Frameworks/OpenGL.framework/Versions/A/OpenGL
0x00000001a7a63000 	/System/Library/PrivateFrameworks/UserActivity.framework/Versions/A/UserActivity
0x000000019c4c1000 	/usr/lib/libobjc.A.dylib
0x00000001a1858000 	/System/Library/Frameworks/ColorSync.framework/Versions/A/ColorSync
0x000000019c6aa000 	/System/Library/Frameworks/CoreFoundation.framework/Versions/A/CoreFoundation
0x00000001a4b98000 	/System/Library/Frameworks/CoreImage.framework/Versions/A/CoreImage
0x000000019dc7c000 	/System/Library/Frameworks/CoreText.framework/Versions/A/CoreText
0x00000001a4978000 	/System/Library/Frameworks/ImageIO.framework/Versions/A/ImageIO
0x00000001a60d5000 	/System/Library/PrivateFrameworks/SoftLinking.framework/Versions/A/SoftLinking
0x00000001a2f77000 	/usr/lib/libxml2.2.dylib
0x000000019c580000 	/usr/lib/libc++.1.dylib
0x00000001a6355000 	/usr/lib/libcompression.dylib
0x00000001a7931000 	/System/Library/PrivateFrameworks/TextureIO.framework/Versions/A/TextureIO
0x00000001a6a41000 	/usr/lib/libate.dylib
0x00000001a60c9000 	/usr/lib/system/libcache.dylib
0x00000001a6088000 	/usr/lib/system/libcommonCrypto.dylib
0x00000001a60b2000 	/usr/lib/system/libcompiler_rt.dylib
0x00000001a60a9000 	/usr/lib/system/libcopyfile.dylib
0x000000019c3dc000 	/usr/lib/system/libcorecrypto.dylib
0x000000019c47c000 	/usr/lib/system/libdispatch.dylib
0x000000019c635000 	/usr/lib/system/libdyld.dylib
0x00000001a60bf000 	/usr/lib/system/libkeymgr.dylib
0x00000001a94f2000 	/usr/lib/system/liblaunch.dylib
0x00000001a606a000 	/usr/lib/system/libmacho.dylib
0x00000001a58dc000 	/usr/lib/system/libquarantine.dylib
0x00000001a60bc000 	/usr/lib/system/libremovefile.dylib
0x00000001a0ec9000 	/usr/lib/system/libsystem_asl.dylib
0x000000019c38a000 	/usr/lib/system/libsystem_blocks.dylib
0x000000019c4fe000 	/usr/lib/system/libsystem_c.dylib
0x00000001a60b6000 	/usr/lib/system/libsystem_collections.dylib
0x00000001a4f16000 	/usr/lib/system/libsystem_configuration.dylib
0x00000001a4298000 	/usr/lib/system/libsystem_containermanager.dylib
0x00000001a5e3f000 	/usr/lib/system/libsystem_coreservices.dylib
0x000000019ea41000 	/usr/lib/system/libsystem_darwin.dylib
0x00000001a60c0000 	/usr/lib/system/libsystem_dnssd.dylib
0x000000019c4fb000 	/usr/lib/system/libsystem_featureflags.dylib
0x000000019c67e000 	/usr/lib/system/libsystem_info.dylib
0x00000001a603b000 	/usr/lib/system/libsystem_m.dylib
0x000000019c450000 	/usr/lib/system/libsystem_malloc.dylib
0x00000001a0e64000 	/usr/lib/system/libsystem_networkextension.dylib
0x000000019ee84000 	/usr/lib/system/libsystem_notify.dylib
0x00000001ab9a5000 	/usr/lib/system/libsystem_product_info_filter.dylib
0x00000001a4f1b000 	/usr/lib/system/libsystem_sandbox.dylib
0x00000001a60b9000 	/usr/lib/system/libsystem_secinit.dylib
0x000000019c5f4000 	/usr/lib/system/libsystem_kernel.dylib
0x000000019c677000 	/usr/lib/system/libsystem_platform.dylib
0x000000019c628000 	/usr/lib/system/libsystem_pthread.dylib
0x00000001a243b000 	/usr/lib/system/libsystem_symptoms.dylib
0x000000019c3c4000 	/usr/lib/system/libsystem_trace.dylib
0x00000001a6096000 	/usr/lib/system/libunwind.dylib
0x000000019c38c000 	/usr/lib/system/libxpc.dylib
0x000000019c5dc000 	/usr/lib/libc++abi.dylib
0x00000001a60a1000 	/usr/lib/liboah.dylib
0x00000001a6889000 	/usr/lib/liblzma.5.dylib
0x000000019d188000 	/System/Library/Frameworks/SystemConfiguration.framework/Versions/A/SystemConfiguration
0x00000001a60d1000 	/usr/lib/libfakelink.dylib
0x00000001a09db000 	/System/Library/Frameworks/CFNetwork.framework/Versions/A/CFNetwork
0x00000001a621b000 	/usr/lib/libarchive.2.dylib
0x000000019d210000 	/usr/lib/libCRFSuite.dylib
0x00000001a5906000 	/usr/lib/libbsm.0.dylib
0x00000001a0292000 	/usr/lib/libnetwork.dylib
0x00000001a60d6000 	/usr/lib/libpcap.A.dylib
0x00000001a2433000 	/usr/lib/libdns_services.dylib
0x00000001a68a2000 	/usr/lib/libcoretls_cfhelpers.dylib
0x00000001a6324000 	/usr/lib/libapple_nghttp2.dylib
0x00000001a6070000 	/usr/lib/system/libkxld.dylib
0x00000001a20c4000 	/usr/lib/libsqlite3.dylib
0x00000001a5e22000 	/System/Library/PrivateFrameworks/AppleFSCompression.framework/Versions/A/AppleFSCompression
0x00000001a58ef000 	/usr/lib/libcoretls.dylib
0x00000001a6350000 	/usr/lib/libpam.2.dylib
0x00000001a6989000 	/usr/lib/libxar.1.dylib
0x00000001a4f22000 	/System/Library/PrivateFrameworks/AppleSystemInfo.framework/Versions/A/AppleSystemInfo
0x00000001a553f000 	/System/Library/PrivateFrameworks/IOMobileFramebuffer.framework/Versions/A/IOMobileFramebuffer
0x00000001a5e32000 	/usr/lib/libbz2.1.0.dylib
0x00000001a6112000 	/usr/lib/libiconv.2.dylib
0x00000001a6069000 	/usr/lib/libcharset.1.dylib
0x00000001a2f00000 	/System/Library/Frameworks/CoreServices.framework/Versions/A/Frameworks/FSEvents.framework/Versions/A/FSEvents
0x000000019ea4c000 	/System/Library/Frameworks/CoreServices.framework/Versions/A/Frameworks/CarbonCore.framework/Versions/A/CarbonCore
0x00000001a2622000 	/System/Library/Frameworks/CoreServices.framework/Versions/A/Frameworks/Metadata.framework/Versions/A/Metadata
0x00000001a5e44000 	/System/Library/Frameworks/CoreServices.framework/Versions/A/Frameworks/OSServices.framework/Versions/A/OSServices
0x00000001a628c000 	/System/Library/Frameworks/CoreServices.framework/Versions/A/Frameworks/SearchKit.framework/Versions/A/SearchKit
0x00000001a23bf000 	/System/Library/Frameworks/CoreServices.framework/Versions/A/Frameworks/AE.framework/Versions/A/AE
0x000000019cb59000 	/System/Library/Frameworks/CoreServices.framework/Versions/A/Frameworks/LaunchServices.framework/Versions/A/LaunchServices
0x00000001a6836000 	/System/Library/Frameworks/CoreServices.framework/Versions/A/Frameworks/DictionaryServices.framework/Versions/A/DictionaryServices
0x00000001a2f0d000 	/System/Library/Frameworks/CoreServices.framework/Versions/A/Frameworks/SharedFileList.framework/Versions/A/SharedFileList
0x00000001a58df000 	/usr/lib/libCheckFix.dylib
0x00000001a0ee1000 	/System/Library/PrivateFrameworks/TCC.framework/Versions/A/TCC
0x00000001a4f28000 	/System/Library/PrivateFrameworks/CoreNLP.framework/Versions/A/CoreNLP
0x00000001a25d6000 	/System/Library/PrivateFrameworks/MetadataUtilities.framework/Versions/A/MetadataUtilities
0x000000019d244000 	/usr/lib/libmecabra.dylib
0x00000001a5bc5000 	/System/Library/Frameworks/MLCompute.framework/Versions/A/MLCompute
0x00000001a5917000 	/usr/lib/libmecab.dylib
0x00000001a595d000 	/usr/lib/libgermantok.dylib
0x00000001a62fd000 	/usr/lib/libThaiTokenizer.dylib
0x00000001a69c6000 	/usr/lib/libChineseTokenizer.dylib
0x00000001a634e000 	/System/Library/Frameworks/MetalPerformanceShaders.framework/Versions/A/MetalPerformanceShaders
0x00000001a26c3000 	/System/Library/Frameworks/Accelerate.framework/Versions/A/Frameworks/vImage.framework/Versions/A/vImage
0x00000001aba78000 	/System/Library/Frameworks/Accelerate.framework/Versions/A/Frameworks/vecLib.framework/Versions/A/vecLib
0x00000001a69d1000 	/System/Library/Frameworks/Accelerate.framework/Versions/A/Frameworks/vecLib.framework/Versions/A/libvMisc.dylib
0x00000001a547d000 	/System/Library/Frameworks/Accelerate.framework/Versions/A/Frameworks/vecLib.framework/Versions/A/libvDSP.dylib
0x000000019ce6e000 	/System/Library/Frameworks/Accelerate.framework/Versions/A/Frameworks/vecLib.framework/Versions/A/libBLAS.dylib
0x00000001a6379000 	/System/Library/Frameworks/Accelerate.framework/Versions/A/Frameworks/vecLib.framework/Versions/A/libLAPACK.dylib
0x00000001a5962000 	/System/Library/Frameworks/Accelerate.framework/Versions/A/Frameworks/vecLib.framework/Versions/A/libLinearAlgebra.dylib
0x00000001a633b000 	/System/Library/Frameworks/Accelerate.framework/Versions/A/Frameworks/vecLib.framework/Versions/A/libSparseBLAS.dylib
0x00000001a6374000 	/System/Library/Frameworks/Accelerate.framework/Versions/A/Frameworks/vecLib.framework/Versions/A/libQuadrature.dylib
0x00000001a4fbe000 	/System/Library/Frameworks/Accelerate.framework/Versions/A/Frameworks/vecLib.framework/Versions/A/libBNNS.dylib
0x000000019d124000 	/System/Library/Frameworks/Accelerate.framework/Versions/A/Frameworks/vecLib.framework/Versions/A/libSparse.dylib
0x00000001a4eb1000 	/System/Library/Frameworks/MetalPerformanceShaders.framework/Versions/A/Frameworks/MPSCore.framework/Versions/A/MPSCore
0x00000001a5d9a000 	/System/Library/Frameworks/MetalPerformanceShaders.framework/Versions/A/Frameworks/MPSImage.framework/Versions/A/MPSImage
0x00000001a5977000 	/System/Library/Frameworks/MetalPerformanceShaders.framework/Versions/A/Frameworks/MPSNeuralNetwork.framework/Versions/A/MPSNeuralNetwork
0x00000001a5d18000 	/System/Library/Frameworks/MetalPerformanceShaders.framework/Versions/A/Frameworks/MPSMatrix.framework/Versions/A/MPSMatrix
0x00000001a5b7b000 	/System/Library/Frameworks/MetalPerformanceShaders.framework/Versions/A/Frameworks/MPSRayIntersector.framework/Versions/A/MPSRayIntersector
0x00000001a5d47000 	/System/Library/Frameworks/MetalPerformanceShaders.framework/Versions/A/Frameworks/MPSNDArray.framework/Versions/A/MPSNDArray
0x000000019cd93000 	/System/Library/PrivateFrameworks/MetalTools.framework/Versions/A/MetalTools
0x00000001a4f20000 	/System/Library/PrivateFrameworks/AggregateDictionary.framework/Versions/A/AggregateDictionary
0x00000001a25a0000 	/System/Library/PrivateFrameworks/CoreAnalytics.framework/Versions/A/CoreAnalytics
0x00000001a62ff000 	/System/Library/PrivateFrameworks/AppleSauce.framework/Versions/A/AppleSauce
0x00000001a42bc000 	/System/Library/PrivateFrameworks/IOAccelerator.framework/Versions/A/IOAccelerator
0x00000001de4e7000 	/System/Library/Frameworks/OpenGL.framework/Versions/A/Libraries/libCoreFSCache.dylib
0x000000019d800000 	/System/Library/PrivateFrameworks/LanguageModeling.framework/Versions/A/LanguageModeling
0x00000001a552c000 	/System/Library/PrivateFrameworks/CoreEmoji.framework/Versions/A/CoreEmoji
0x00000001a4fb6000 	/System/Library/PrivateFrameworks/LinguisticData.framework/Versions/A/LinguisticData
0x000000019d0d9000 	/System/Library/PrivateFrameworks/Lexicon.framework/Versions/A/Lexicon
0x00000001a6208000 	/usr/lib/libcmph.dylib
0x00000001a2ee0000 	/System/Library/Frameworks/OpenDirectory.framework/Versions/A/Frameworks/CFOpenDirectory.framework/Versions/A/CFOpenDirectory
0x00000001a2ed2000 	/System/Library/Frameworks/OpenDirectory.framework/Versions/A/OpenDirectory
0x00000001a68a4000 	/System/Library/PrivateFrameworks/APFS.framework/Versions/A/APFS
0x00000001a5848000 	/System/Library/Frameworks/SecurityFoundation.framework/Versions/A/SecurityFoundation
0x00000001a6998000 	/usr/lib/libutil.dylib
0x000000019ed7c000 	/System/Library/PrivateFrameworks/CoreServicesStore.framework/Versions/A/CoreServicesStore
0x00000001a58d6000 	/System/Library/Frameworks/ServiceManagement.framework/Versions/A/ServiceManagement
0x00000001a699c000 	/usr/lib/libxslt.1.dylib
0x00000001a58cc000 	/System/Library/PrivateFrameworks/BackgroundTaskManagement.framework/Versions/A/BackgroundTaskManagement
0x00000001a7880000 	/System/Library/Frameworks/ImageIO.framework/Versions/A/Resources/libRadiance.dylib
0x00000001a7889000 	/System/Library/Frameworks/ImageIO.framework/Versions/A/Resources/libJPEG.dylib
0x00000001a77db000 	/System/Library/Frameworks/ImageIO.framework/Versions/A/Resources/libPng.dylib
0x00000001a77fd000 	/System/Library/Frameworks/ImageIO.framework/Versions/A/Resources/libTIFF.dylib
0x00000001a78da000 	/System/Library/Frameworks/ImageIO.framework/Versions/A/Resources/libGIF.dylib
0x00000001a7558000 	/System/Library/Frameworks/ImageIO.framework/Versions/A/Resources/libJP2.dylib
0x00000001a6cae000 	/usr/lib/libexpat.1.dylib
0x00000001a7514000 	/System/Library/PrivateFrameworks/AppleJPEG.framework/Versions/A/AppleJPEG
0x00000001a44cd000 	/System/Library/PrivateFrameworks/FontServices.framework/libFontParser.dylib
0x00000001a2371000 	/System/Library/PrivateFrameworks/RunningBoardServices.framework/Versions/A/RunningBoardServices
0x00000001b0a8c000 	/System/Library/PrivateFrameworks/IOSurfaceAccelerator.framework/Versions/A/IOSurfaceAccelerator
0x00000001a763a000 	/System/Library/PrivateFrameworks/WatchdogClient.framework/Versions/A/WatchdogClient
0x000000019d8f0000 	/System/Library/Frameworks/CoreDisplay.framework/Versions/A/CoreDisplay
0x00000001a43d5000 	/System/Library/Frameworks/CoreMedia.framework/Versions/A/CoreMedia
0x00000001a3064000 	/System/Library/Frameworks/CoreVideo.framework/Versions/A/CoreVideo
0x00000001a7677000 	/System/Library/Frameworks/VideoToolbox.framework/Versions/A/VideoToolbox
0x00000001a22ee000 	/System/Library/PrivateFrameworks/BaseBoard.framework/Versions/A/BaseBoard
0x00000001a6dec000 	/System/Library/PrivateFrameworks/PersistentConnection.framework/Versions/A/PersistentConnection
0x00000001a20ad000 	/System/Library/PrivateFrameworks/ProtocolBuffer.framework/Versions/A/ProtocolBuffer
0x00000001a22d7000 	/System/Library/PrivateFrameworks/CommonUtilities.framework/Versions/A/CommonUtilities
0x00000001a74d9000 	/System/Library/PrivateFrameworks/Bom.framework/Versions/A/Bom
0x00000001a787b000 	/System/Library/PrivateFrameworks/GPUWrangler.framework/Versions/A/GPUWrangler
0x00000001a785c000 	/System/Library/PrivateFrameworks/IOPresentment.framework/Versions/A/IOPresentment
0x00000001a7883000 	/System/Library/PrivateFrameworks/DSExternalDisplay.framework/Versions/A/DSExternalDisplay
0x00000001a78df000 	/System/Library/PrivateFrameworks/CMCaptureCore.framework/Versions/A/CMCaptureCore
0x00000001a7274000 	/System/Library/PrivateFrameworks/AppServerSupport.framework/Versions/A/AppServerSupport
0x00000001a92ab000 	/System/Library/PrivateFrameworks/perfdata.framework/Versions/A/perfdata
0x00000001a5838000 	/System/Library/PrivateFrameworks/AssertionServices.framework/Versions/A/AssertionServices
0x000000019da13000 	/System/Library/PrivateFrameworks/AudioToolboxCore.framework/Versions/A/AudioToolboxCore
0x00000001a43b5000 	/System/Library/PrivateFrameworks/caulk.framework/Versions/A/caulk
0x00000001b80d8000 	/System/Library/PrivateFrameworks/SystemPolicy.framework/Versions/A/SystemPolicy
0x00000001a6ad3000 	/usr/lib/libIOReport.dylib
0x00000001a8b47000 	/usr/lib/libSMC.dylib
0x00000001a77a8000 	/usr/lib/libAudioToolboxUtility.dylib
0x00000001b8a65000 	/usr/lib/libmis.dylib
0x00000001de549000 	/System/Library/Frameworks/OpenGL.framework/Versions/A/Libraries/libGLU.dylib
0x00000001de507000 	/System/Library/Frameworks/OpenGL.framework/Versions/A/Libraries/libGFXShared.dylib
0x00000001de6ef000 	/System/Library/Frameworks/OpenGL.framework/Versions/A/Libraries/libGL.dylib
0x00000001de510000 	/System/Library/Frameworks/OpenGL.framework/Versions/A/Libraries/libGLImage.dylib
0x00000001de504000 	/System/Library/Frameworks/OpenGL.framework/Versions/A/Libraries/libCVMSPluginSupport.dylib
0x00000001de4ee000 	/System/Library/Frameworks/OpenGL.framework/Versions/A/Libraries/libCoreVMClient.dylib
0x00000001af5c6000 	/System/Library/PrivateFrameworks/ASEProcessing.framework/Versions/A/ASEProcessing
0x00000001a6e13000 	/System/Library/PrivateFrameworks/GraphVisualizer.framework/Versions/A/GraphVisualizer
0x00000001a6e21000 	/System/Library/PrivateFrameworks/FaceCore.framework/Versions/A/FaceCore
0x00000001a7234000 	/System/Library/PrivateFrameworks/OTSVG.framework/Versions/A/OTSVG
0x00000001a2c8c000 	/System/Library/Frameworks/ApplicationServices.framework/Versions/A/Frameworks/ATS.framework/Versions/A/Resources/libFontRegistry.dylib
0x00000001a727c000 	/System/Library/PrivateFrameworks/FontServices.framework/libhvf.dylib
0x00000001de88a000 	/System/Library/Frameworks/OpenCL.framework/Versions/A/OpenCL
0x00000001a6c62000 	/System/Library/PrivateFrameworks/AppleVA.framework/Versions/A/AppleVA
0x00000001a8993000 	/System/Library/Frameworks/ApplicationServices.framework/Versions/A/Frameworks/ATS.framework/Versions/A/ATS
0x00000001a8ca6000 	/System/Library/Frameworks/ApplicationServices.framework/Versions/A/Frameworks/ColorSyncLegacy.framework/Versions/A/ColorSyncLegacy
0x00000001a194f000 	/System/Library/Frameworks/ApplicationServices.framework/Versions/A/Frameworks/HIServices.framework/Versions/A/HIServices
0x00000001a8c85000 	/System/Library/Frameworks/ApplicationServices.framework/Versions/A/Frameworks/LangAnalysis.framework/Versions/A/LangAnalysis
0x00000001a78e9000 	/System/Library/Frameworks/ApplicationServices.framework/Versions/A/Frameworks/PrintCore.framework/Versions/A/PrintCore
0x00000001a8cae000 	/System/Library/Frameworks/ApplicationServices.framework/Versions/A/Frameworks/QD.framework/Versions/A/QD
0x00000001a897f000 	/System/Library/Frameworks/ApplicationServices.framework/Versions/A/Frameworks/SpeechSynthesis.framework/Versions/A/SpeechSynthesis
0x00000001a78aa000 	/System/Library/Frameworks/ApplicationServices.framework/Versions/A/Frameworks/ATSUI.framework/Versions/A/ATSUI
0x00000001a8c27000 	/usr/lib/libcups.2.dylib
0x00000001a8c99000 	/System/Library/PrivateFrameworks/NetAuth.framework/Versions/A/NetAuth
0x00000001a92c5000 	/System/Library/Frameworks/Kerberos.framework/Versions/A/Kerberos
0x00000001a92d6000 	/System/Library/Frameworks/GSS.framework/Versions/A/GSS
0x00000001a8a02000 	/usr/lib/libresolv.9.dylib
0x00000001a7292000 	/System/Library/PrivateFrameworks/Heimdal.framework/Versions/A/Heimdal
0x00000001aebb1000 	/System/Library/Frameworks/Kerberos.framework/Versions/A/Libraries/libHeimdalProxy.dylib
0x00000001a2443000 	/System/Library/Frameworks/Network.framework/Versions/A/Network
0x00000001a6cc9000 	/usr/lib/libheimdal-asn1.dylib
0x00000001a931f000 	/System/Library/PrivateFrameworks/CommonAuth.framework/Versions/A/CommonAuth
0x00000001a30b8000 	/System/Library/PrivateFrameworks/login.framework/Versions/A/Frameworks/loginsupport.framework/Versions/A/loginsupport
0x00000001a8904000 	/System/Library/PrivateFrameworks/AudioSession.framework/Versions/A/AudioSession
0x00000001a896c000 	/usr/lib/libAudioStatistics.dylib
0x00000001a6d49000 	/System/Library/PrivateFrameworks/MediaExperience.framework/Versions/A/MediaExperience
0x00000001a87a5000 	/System/Library/PrivateFrameworks/AudioSession.framework/libSessionUtility.dylib
0x00000001a92b7000 	/usr/lib/libperfcheck.dylib
0x00000001a8cba000 	/System/Library/PrivateFrameworks/AudioResourceArbitration.framework/Versions/A/AudioResourceArbitration
0x00000001a6cd2000 	/System/Library/PrivateFrameworks/IconFoundation.framework/Versions/A/IconFoundation
0x00000001ab75f000 	/System/Library/PrivateFrameworks/SpeechRecognitionCore.framework/Versions/A/SpeechRecognitionCore
0x00000001d7e39000 	/System/Library/CoreServices/Encodings/libKoreanConverter.dylib
0x0000000106800000 	/Users/gimjaeseong/Library/Java/JavaVirtualMachines/corretto-11.0.19/Contents/Home/lib/server/libjvm.dylib
0x0000000102178000 	/Users/gimjaeseong/Library/Java/JavaVirtualMachines/corretto-11.0.19/Contents/Home/lib/libverify.dylib
0x0000000102190000 	/Users/gimjaeseong/Library/Java/JavaVirtualMachines/corretto-11.0.19/Contents/Home/lib/libjava.dylib
0x00000001021c8000 	/Users/gimjaeseong/Library/Java/JavaVirtualMachines/corretto-11.0.19/Contents/Home/lib/libjimage.dylib
0x00000001021e4000 	/Users/gimjaeseong/Library/Java/JavaVirtualMachines/corretto-11.0.19/Contents/Home/lib/libinstrument.dylib
0x0000000102244000 	/Users/gimjaeseong/Library/Java/JavaVirtualMachines/corretto-11.0.19/Contents/Home/lib/libzip.dylib
0x000000010264c000 	/Users/gimjaeseong/Library/Java/JavaVirtualMachines/corretto-11.0.19/Contents/Home/lib/libnio.dylib
0x000000010266c000 	/Users/gimjaeseong/Library/Java/JavaVirtualMachines/corretto-11.0.19/Contents/Home/lib/libnet.dylib
0x0000000102690000 	/Users/gimjaeseong/Library/Java/JavaVirtualMachines/corretto-11.0.19/Contents/Home/lib/libextnet.dylib
0x00000001026a4000 	/Users/gimjaeseong/Library/Java/JavaVirtualMachines/corretto-11.0.19/Contents/Home/lib/libmanagement.dylib
0x00000001026b8000 	/Users/gimjaeseong/Library/Java/JavaVirtualMachines/corretto-11.0.19/Contents/Home/lib/libmanagement_ext.dylib
0x00000001026cc000 	/Users/gimjaeseong/Library/Java/JavaVirtualMachines/corretto-11.0.19/Contents/Home/lib/libsunec.dylib


VM Arguments:
jvm_args: -javaagent:/Users/gimjaeseong/Library/Caches/JetBrains/IdeaIC2023.1/testAgent/intellij-coverage-agent-1.0.706.jar=/private/var/folders/9_/48bjhvjx7jn8__p4m5mng7w00000gn/T/coverage11args -Didea.new.sampling.coverage=true -Dcoverage.ignore.private.constructor.util.class=true -javaagent:/Applications/IntelliJ IDEA CE.app/Contents/lib/idea_rt.jar=53915:/Applications/IntelliJ IDEA CE.app/Contents/bin -Dfile.encoding=UTF-8 
java_command: com.example.one.AppApplication
java_class_path (initial): /Users/gimjaeseong/IdeaProjects/one/target/classes:/Users/gimjaeseong/.m2/repository/org/springframework/boot/spring-boot-starter-web/2.0.6.RELEASE/spring-boot-starter-web-2.0.6.RELEASE.jar:/Users/gimjaeseong/.m2/repository/org/springframework/boot/spring-boot-starter/2.0.6.RELEASE/spring-boot-starter-2.0.6.RELEASE.jar:/Users/gimjaeseong/.m2/repository/org/springframework/boot/spring-boot/2.0.6.RELEASE/spring-boot-2.0.6.RELEASE.jar:/Users/gimjaeseong/.m2/repository/org/springframework/boot/spring-boot-autoconfigure/2.0.6.RELEASE/spring-boot-autoconfigure-2.0.6.RELEASE.jar:/Users/gimjaeseong/.m2/repository/org/springframework/boot/spring-boot-starter-logging/2.0.6.RELEASE/spring-boot-starter-logging-2.0.6.RELEASE.jar:/Users/gimjaeseong/.m2/repository/ch/qos/logback/logback-classic/1.2.3/logback-classic-1.2.3.jar:/Users/gimjaeseong/.m2/repository/ch/qos/logback/logback-core/1.2.3/logback-core-1.2.3.jar:/Users/gimjaeseong/.m2/repository/org/apache/logging/log4j/log4j-to-slf4j/2.10.0/log4j-to-slf4j-2.10.0.jar:/Users/gimjaeseong/.m2/repository/org/apache/logging/log4j/log4j-api/2.10.0/log4j-api-2.10.0.jar:/Users/gimjaeseong/.m2/repository/org/slf4j/jul-to-slf4j/1.7.25/jul-to-slf4j-1.7.25.jar:/Users/gimjaeseong/.m2/repository/javax/annotation/javax.annotation-api/1.3.2/javax.annotation-api-1.3.2.jar:/Users/gimjaeseong/.m2/repository/org/yaml/snakeyaml/1.19/snakeyaml-1.19.jar:/Users/gimjaeseong/.m2/repository/org/springframework/boot/spring-boot-starter-json/2.0.6.RELEASE/spring-boot-starter-json-2.0.6.RELEASE.jar:/Users/gimjaeseong/.m2/repository/com/fasterxml/jackson/datatype/jackson-datatype-jdk8/2.9.7/jackson-datatype-jdk8-2.9.7.jar:/Users/gimjaeseong/.m2/repository/com/fasterxml/jackson/datatype/jackson-datatype-jsr310/2.9.7/jackson-datatype-jsr310-2.9.7.jar:/Users/gimjaeseong/.m2/repository/com/fasterxml/jackson/module/jackson-module-parameter-names/2.9.7/jackson-module-parameter-names-2.9.7.jar:/Users/gimjaeseong/.m2/repository/org/sprin
Launcher Type: SUN_STANDARD

[Global flags]
     intx CICompilerCount                          = 4                                         {product} {ergonomic}
     uint ConcGCThreads                            = 2                                         {product} {ergonomic}
     uint G1ConcRefinementThreads                  = 8                                         {product} {ergonomic}
   size_t G1HeapRegionSize                         = 1048576                                   {product} {ergonomic}
    uintx GCDrainStackTargetSize                   = 64                                        {product} {ergonomic}
   size_t InitialHeapSize                          = 268435456                                 {product} {ergonomic}
   size_t MarkStackSize                            = 4194304                                   {product} {ergonomic}
   size_t MaxHeapSize                              = 4294967296                                {product} {ergonomic}
   size_t MaxNewSize                               = 2576351232                                {product} {ergonomic}
   size_t MinHeapDeltaBytes                        = 1048576                                   {product} {ergonomic}
    uintx NonNMethodCodeHeapSize                   = 5836492                                {pd product} {ergonomic}
    uintx NonProfiledCodeHeapSize                  = 122910874                              {pd product} {ergonomic}
    uintx ProfiledCodeHeapSize                     = 122910874                              {pd product} {ergonomic}
    uintx ReservedCodeCacheSize                    = 251658240                              {pd product} {ergonomic}
     bool SegmentedCodeCache                       = true                                      {product} {ergonomic}
     bool UseCompressedClassPointers               = true                                 {lp64_product} {ergonomic}
     bool UseCompressedOops                        = true                                 {lp64_product} {ergonomic}
     bool UseG1GC                                  = true                                      {product} {ergonomic}

Logging:
Log output configuration:
 #0: stdout all=warning uptime,level,tags
 #1: stderr all=off uptime,level,tags

Environment Variables:
PATH=/opt/homebrew/bin:/opt/homebrew/bin:/Library/Frameworks/Python.framework/Versions/3.11/bin:/usr/local/bin:/usr/bin:/bin:/usr/sbin:/sbin:/Applications/XAMPP/xamppfiles/bin:/Users/gimjaeseong/Desktop/Geth
SHELL=/bin/zsh
LC_CTYPE=ko_KR.UTF-8
TMPDIR=/var/folders/9_/48bjhvjx7jn8__p4m5mng7w00000gn/T/

Signal Handlers:
SIGSEGV: [libjvm.dylib+0x720c40], sa_mask[0]=11111111011111110111111111111111, sa_flags=SA_ONSTACK|SA_RESTART|SA_SIGINFO
SIGBUS: [libjvm.dylib+0x720c40], sa_mask[0]=11111111011111110111111111111111, sa_flags=SA_RESTART|SA_SIGINFO
SIGFPE: [libjvm.dylib+0x720c40], sa_mask[0]=11111111011111110111111111111111, sa_flags=SA_RESTART|SA_SIGINFO
SIGPIPE: [libjvm.dylib+0x57f3ec], sa_mask[0]=11111111011111110111111111111111, sa_flags=SA_RESTART|SA_SIGINFO
SIGXFSZ: [libjvm.dylib+0x57f3ec], sa_mask[0]=11111111011111110111111111111111, sa_flags=SA_RESTART|SA_SIGINFO
SIGILL: [libjvm.dylib+0x720c40], sa_mask[0]=11111111011111110111111111111111, sa_flags=SA_RESTART|SA_SIGINFO
SIGUSR2: [libjvm.dylib+0x57f9f0], sa_mask[0]=00100000000000000000000000000000, sa_flags=SA_RESTART|SA_SIGINFO
SIGHUP: [libjvm.dylib+0x57e194], sa_mask[0]=11111111011111110111111111111111, sa_flags=SA_RESTART|SA_SIGINFO
SIGINT: [libjvm.dylib+0x57e194], sa_mask[0]=11111111011111110111111111111111, sa_flags=SA_RESTART|SA_SIGINFO
SIGTERM: [libjvm.dylib+0x57e194], sa_mask[0]=11111111011111110111111111111111, sa_flags=SA_RESTART|SA_SIGINFO
SIGQUIT: [libjvm.dylib+0x57e194], sa_mask[0]=11111111011111110111111111111111, sa_flags=SA_RESTART|SA_SIGINFO


---------------  S Y S T E M  ---------------

OS:uname:Darwin 20.6.0 Darwin Kernel Version 20.6.0: Thu Sep 29 20:15:07 PDT 2022; root:xnu-7195.141.42~1/RELEASE_ARM64_T8101 arm64
OS uptime: 15 days 20:14 hours
rlimit (soft/hard): STACK 8176k/65520k , CORE 0k/infinity , NPROC 2666/4000 , NOFILE 10240/infinity , AS infinity/infinity , CPU infinity/infinity , DATA infinity/infinity , FSIZE infinity/infinity , MEMLOCK infinity/infinity , RSS infinity/infinity
load average:1.17 1.46 1.47

CPU:total 8 (initial active 8) 0x61:0x0:0x1b588bb3:0, simd, crc, lse

Memory: 16k page, physical 16777216k(241360k free), swap 2097152k(1372160k free)

vm_info: OpenJDK 64-Bit Server VM (11.0.19+7-LTS) for bsd-aarch64 JRE (11.0.19+7-LTS), built on Apr 13 2023 22:28:05 by "ec2user" with clang Apple LLVM 13.0.0 (clang-1300.0.29.30)

END.
